<?xml version="1.0" encoding="utf-8"?>
<TestRun id="558bd791-b29f-4418-9b15-6b10ffd072e4" name="Homsi@DESKTOP-TP287AV 2026-07-10 21:58:41" runUser="DESKTOP-TP287AV\Homsi" xmlns="http://microsoft.com/schemas/VisualStudio/TeamTest/2010">
  <Times creation="2026-07-10T21:58:41.4549911+03:00" queuing="2026-07-10T21:58:41.4549919+03:00" start="2026-07-10T21:58:40.5212742+03:00" finish="2026-07-10T21:59:09.9511316+03:00" />
  <TestSettings name="default" id="f150a7a1-ca67-4955-95da-9e4635fdc94c">
    <Deployment runDeploymentRoot="Homsi_DESKTOP-TP287AV_2026-07-10_21_58_41" />
  </TestSettings>
  <Results>
    <UnitTestResult executionId="6deac4a5-3b7b-412b-ac57-dddca7f86320" testId="30c61604-97c5-e43d-bd86-d4c59fb7ee61" testName="ERPSystem.Application.Tests.Tax.SalesInvoiceApprovalPostingBuilderTests.Example_C_line_discount_contra_revenue" computerName="DESKTOP-TP287AV" duration="00:00:00.0258446" startTime="2026-07-10T21:58:41.3868444+03:00" endTime="2026-07-10T21:58:41.3868445+03:00" testType="13cdc9d9-ddb5-4fa4-a97d-d965ccfc6d4b" outcome="Passed" testListId="8c84fa94-04c1-424b-9868-57a2d4851a1d" relativeResultsDirectory="6deac4a5-3b7b-412b-ac57-dddca7f86320" />
    <UnitTestResult executionId="84d95461-51ce-494a-ae81-7c6133b56a69" testId="d89173fc-e4c3-a503-942c-3c7aceff8c04" testName="ERPSystem.Application.Tests.E2E.Phase2TaxE2EIntegrationTests.Production_company_invoice_count_unchanged_after_test_operations" computerName="DESKTOP-TP287AV" duration="00:00:04.0712016" startTime="2026-07-10T21:59:09.8633890+03:00" endTime="2026-07-10T21:59:09.8633892+03:00" testType="13cdc9d9-ddb5-4fa4-a97d-d965ccfc6d4b" outcome="Passed" testListId="8c84fa94-04c1-424b-9868-57a2d4851a1d" relativeResultsDirectory="84d95461-51ce-494a-ae81-7c6133b56a69" />
    <UnitTestResult executionId="ede8012b-14a7-4642-a88d-f2a42969be7f" testId="dbda51d2-fb1e-a7f8-84e0-557aff2264b2" testName="ERPSystem.Application.Tests.Tax.SalesTaxAcceptanceMatrixTests.Matrix_14_Expired_tax_code_not_effective" computerName="DESKTOP-TP287AV" duration="00:00:00.0029375" startTime="2026-07-10T21:58:41.4205866+03:00" endTime="2026-07-10T21:58:41.4205870+03:00" testType="13cdc9d9-ddb5-4fa4-a97d-d965ccfc6d4b" outcome="Passed" testListId="8c84fa94-04c1-424b-9868-57a2d4851a1d" relativeResultsDirectory="ede8012b-14a7-4642-a88d-f2a42969be7f" />
    <UnitTestResult executionId="c0d2dc35-0095-4c29-bc1c-c0d388bfc5d4" testId="78f1dc5e-569c-f4a9-7830-d98256db8bd2" testName="ERPSystem.Application.Tests.Posting.PostingModelTests.PostingResult_Succeeded_sets_expected_fields" computerName="DESKTOP-TP287AV" duration="00:00:00.0065278" startTime="2026-07-10T21:58:41.4053189+03:00" endTime="2026-07-10T21:58:41.4053190+03:00" testType="13cdc9d9-ddb5-4fa4-a97d-d965ccfc6d4b" outcome="Passed" testListId="8c84fa94-04c1-424b-9868-57a2d4851a1d" relativeResultsDirectory="c0d2dc35-0095-4c29-bc1c-c0d388bfc5d4" />
    <UnitTestResult executionId="60b1432f-2b4f-47c5-b48a-9fd80bfb518b" testId="978d9326-aac1-fa9d-b6c6-55b4c6d881b2" testName="ERPSystem.Application.Tests.UseCases.Sales.TempDetailingDiagnosticTests.Dump_awaiting_detailing_invoices_and_rolls" computerName="DESKTOP-TP287AV" duration="00:00:00.3674753" startTime="2026-07-10T21:58:41.7461996+03:00" endTime="2026-07-10T21:58:41.7462000+03:00" testType="13cdc9d9-ddb5-4fa4-a97d-d965ccfc6d4b" outcome="Failed" testListId="8c84fa94-04c1-424b-9868-57a2d4851a1d" relativeResultsDirectory="60b1432f-2b4f-47c5-b48a-9fd80bfb518b">
      <Output>
        <ErrorInfo>
          <Message>--- roll counts ---&#xD;
--- sample rolls ---&#xD;
</Message>
          <StackTrace>   at ERPSystem.Application.Tests.UseCases.Sales.TempDetailingDiagnosticTests.Dump_awaiting_detailing_invoices_and_rolls() in C:\Users\Homsi\Desktop\POS ERP C#\ERPSystem\ERPSystem.Application.Tests\UseCases\Sales\TempDetailingDiagnosticTests.cs:line 69&#xD;
   at ERPSystem.Application.Tests.UseCases.Sales.TempDetailingDiagnosticTests.Dump_awaiting_detailing_invoices_and_rolls() in C:\Users\Homsi\Desktop\POS ERP C#\ERPSystem\ERPSystem.Application.Tests\UseCases\Sales\TempDetailingDiagnosticTests.cs:line 69&#xD;
--- End of stack trace from previous location ---</StackTrace>
        </ErrorInfo>
      </Output>
    </UnitTestResult>
    <UnitTestResult executionId="1a97192a-3e40-4522-bcac-3f4aec71f0a9" testId="22d57e9a-5ec5-6001-c529-d68e4f05172b" testName="ERPSystem.Application.Tests.Tax.SalesTaxEngineTests.Tax_inclusive_15_percent_single_line" computerName="DESKTOP-TP287AV" duration="00:00:00.0004036" startTime="2026-07-10T21:58:41.4057373+03:00" endTime="2026-07-10T21:58:41.4057374+03:00" testType="13cdc9d9-ddb5-4fa4-a97d-d965ccfc6d4b" outcome="Passed" testListId="8c84fa94-04c1-424b-9868-57a2d4851a1d" relativeResultsDirectory="1a97192a-3e40-4522-bcac-3f4aec71f0a9" />
    <UnitTestResult executionId="431748c9-7c8a-4eeb-9efc-d28a80b8738e" testId="cbee7bae-54bc-218d-855e-25f38563911b" testName="ERPSystem.Application.Tests.Tax.SalesTaxAcceptanceMatrixTests.Matrix_07_Invoice_discount" computerName="DESKTOP-TP287AV" duration="00:00:00.0006309" startTime="2026-07-10T21:58:41.4223358+03:00" endTime="2026-07-10T21:58:41.4223360+03:00" testType="13cdc9d9-ddb5-4fa4-a97d-d965ccfc6d4b" outcome="Passed" testListId="8c84fa94-04c1-424b-9868-57a2d4851a1d" relativeResultsDirectory="431748c9-7c8a-4eeb-9efc-d28a80b8738e" />
    <UnitTestResult executionId="1313b478-9fc3-42b0-aef3-45ffd62133a5" testId="17421f48-623b-4749-641b-5fb7bdaac902" testName="ERPSystem.Application.Tests.Tax.SalesInvoiceApprovalPostingBuilderTests.Example_A_no_discount_15_percent_tax" computerName="DESKTOP-TP287AV" duration="00:00:00.0005775" startTime="2026-07-10T21:58:41.4054264+03:00" endTime="2026-07-10T21:58:41.4054266+03:00" testType="13cdc9d9-ddb5-4fa4-a97d-d965ccfc6d4b" outcome="Passed" testListId="8c84fa94-04c1-424b-9868-57a2d4851a1d" relativeResultsDirectory="1313b478-9fc3-42b0-aef3-45ffd62133a5" />
    <UnitTestResult executionId="0b0478a2-cba4-4fd7-924f-8cd0c3bf5134" testId="576529b4-e3c4-a288-c6f5-4ce029c7cb58" testName="ERPSystem.Application.Tests.Tax.SalesTaxAcceptanceMatrixTests.Matrix_11_Rounding_edge_case" computerName="DESKTOP-TP287AV" duration="00:00:00.0009523" startTime="2026-07-10T21:58:41.4254089+03:00" endTime="2026-07-10T21:58:41.4254095+03:00" testType="13cdc9d9-ddb5-4fa4-a97d-d965ccfc6d4b" outcome="Passed" testListId="8c84fa94-04c1-424b-9868-57a2d4851a1d" relativeResultsDirectory="0b0478a2-cba4-4fd7-924f-8cd0c3bf5134" />
    <UnitTestResult executionId="745d17f5-407f-45c8-b3e7-43927c6380a3" testId="09987954-59fc-816a-93ad-fb96be913229" testName="ERPSystem.Application.Tests.Tax.SalesTaxEngineTests.Exempt_line_has_zero_tax" computerName="DESKTOP-TP287AV" duration="00:00:00.0004500" startTime="2026-07-10T21:58:41.4058409+03:00" endTime="2026-07-10T21:58:41.4058410+03:00" testType="13cdc9d9-ddb5-4fa4-a97d-d965ccfc6d4b" outcome="Passed" testListId="8c84fa94-04c1-424b-9868-57a2d4851a1d" relativeResultsDirectory="745d17f5-407f-45c8-b3e7-43927c6380a3" />
    <UnitTestResult executionId="462af4be-ea21-4135-b991-d85d6b826ca6" testId="93acfbca-8c29-de89-309a-3f6b1fce0f64" testName="ERPSystem.Application.Tests.Posting.PostingModelTests.China_container_posting_kinds_are_distinct" computerName="DESKTOP-TP287AV" duration="00:00:00.0152792" startTime="2026-07-10T21:58:41.3846058+03:00" endTime="2026-07-10T21:58:41.3846059+03:00" testType="13cdc9d9-ddb5-4fa4-a97d-d965ccfc6d4b" outcome="Passed" testListId="8c84fa94-04c1-424b-9868-57a2d4851a1d" relativeResultsDirectory="462af4be-ea21-4135-b991-d85d6b826ca6" />
    <UnitTestResult executionId="20ff9140-7809-46fa-aa75-5e5408345f95" testId="91c0e968-89a2-6e2a-abc0-66a7f231b6d1" testName="ERPSystem.Application.Tests.UseCases.Identity.AuthenticateUserHandlerTests.HandleAsync_WithInvalidPassword_ReturnsFailure" computerName="DESKTOP-TP287AV" duration="00:00:00.8417600" startTime="2026-07-10T21:58:42.1964747+03:00" endTime="2026-07-10T21:58:42.1964752+03:00" testType="13cdc9d9-ddb5-4fa4-a97d-d965ccfc6d4b" outcome="Passed" testListId="8c84fa94-04c1-424b-9868-57a2d4851a1d" relativeResultsDirectory="20ff9140-7809-46fa-aa75-5e5408345f95" />
    <UnitTestResult executionId="20340d31-7b6c-40b8-8df2-7b77f05f5802" testId="f0d04bc5-826e-5afb-f2bc-d8907cb30ff5" testName="ERPSystem.Application.Tests.E2E.Phase2TaxE2EIntegrationTests.Matrix_32_33_Cross_layer_and_tax_report_parity" computerName="DESKTOP-TP287AV" duration="00:00:04.0528481" startTime="2026-07-10T21:59:05.7916414+03:00" endTime="2026-07-10T21:59:05.7916418+03:00" testType="13cdc9d9-ddb5-4fa4-a97d-d965ccfc6d4b" outcome="Passed" testListId="8c84fa94-04c1-424b-9868-57a2d4851a1d" relativeResultsDirectory="20340d31-7b6c-40b8-8df2-7b77f05f5802" />
    <UnitTestResult executionId="a81dfdd9-d26d-4626-9be6-edbfba31f2e9" testId="93b504f6-cfad-89b2-a35b-ec9753210a46" testName="ERPSystem.Application.Tests.Tax.SalesTaxAcceptanceMatrixTests.Matrix_15_Missing_vat_account_detected_on_snapshot" computerName="DESKTOP-TP287AV" duration="00:00:00.0005176" startTime="2026-07-10T21:58:41.4304229+03:00" endTime="2026-07-10T21:58:41.4304233+03:00" testType="13cdc9d9-ddb5-4fa4-a97d-d965ccfc6d4b" outcome="Passed" testListId="8c84fa94-04c1-424b-9868-57a2d4851a1d" relativeResultsDirectory="a81dfdd9-d26d-4626-9be6-edbfba31f2e9" />
    <UnitTestResult executionId="726470e1-6a8a-453d-96a2-2e87c0392158" testId="2f21f8ab-e7aa-a7cf-e462-c87f6c9dc4a5" testName="ERPSystem.Application.Tests.Tax.SalesReturnTaxCalculatorTests.Matrix_28_Inclusive_return_tax_included_in_customer_credit" computerName="DESKTOP-TP287AV" duration="00:00:00.0372093" startTime="2026-07-10T21:58:41.4085325+03:00" endTime="2026-07-10T21:58:41.4085325+03:00" testType="13cdc9d9-ddb5-4fa4-a97d-d965ccfc6d4b" outcome="Passed" testListId="8c84fa94-04c1-424b-9868-57a2d4851a1d" relativeResultsDirectory="726470e1-6a8a-453d-96a2-2e87c0392158" />
    <UnitTestResult executionId="bc134daa-f9bd-46d2-ba95-77907dd670bf" testId="cfb73026-e9e3-3aae-2477-d07c369a81f6" testName="ERPSystem.Application.Tests.Tax.SalesTaxAcceptanceMatrixTests.Matrix_13_Future_tax_code_not_effective" computerName="DESKTOP-TP287AV" duration="00:00:00.0003487" startTime="2026-07-10T21:58:41.4286689+03:00" endTime="2026-07-10T21:58:41.4286690+03:00" testType="13cdc9d9-ddb5-4fa4-a97d-d965ccfc6d4b" outcome="Passed" testListId="8c84fa94-04c1-424b-9868-57a2d4851a1d" relativeResultsDirectory="bc134daa-f9bd-46d2-ba95-77907dd670bf" />
    <UnitTestResult executionId="68b50858-7baf-4c25-abb6-d2c974280ec9" testId="d220f06b-cc9c-419e-4c82-b5bb2a5fb15d" testName="ERPSystem.Application.Tests.Tax.SalesTaxAcceptanceMatrixTests.Matrix_18_Revenue_equals_net_policy" computerName="DESKTOP-TP287AV" duration="00:00:00.0008064" startTime="2026-07-10T21:58:41.4174971+03:00" endTime="2026-07-10T21:58:41.4174974+03:00" testType="13cdc9d9-ddb5-4fa4-a97d-d965ccfc6d4b" outcome="Passed" testListId="8c84fa94-04c1-424b-9868-57a2d4851a1d" relativeResultsDirectory="68b50858-7baf-4c25-abb6-d2c974280ec9" />
    <UnitTestResult executionId="5e61dc0e-5c73-4956-aed1-ae2caeadb467" testId="ad73ff3a-347f-b641-ed78-2c7250839c1f" testName="ERPSystem.Application.Tests.Tax.SalesInvoiceApprovalPostingBuilderTests.Example_B_invoice_discount_net_revenue_policy" computerName="DESKTOP-TP287AV" duration="00:00:00.0019616" startTime="2026-07-10T21:58:41.4050937+03:00" endTime="2026-07-10T21:58:41.4050939+03:00" testType="13cdc9d9-ddb5-4fa4-a97d-d965ccfc6d4b" outcome="Passed" testListId="8c84fa94-04c1-424b-9868-57a2d4851a1d" relativeResultsDirectory="5e61dc0e-5c73-4956-aed1-ae2caeadb467" />
    <UnitTestResult executionId="bdb84c28-21c2-47ea-95b1-5fc4abe7583d" testId="221fe12a-36d1-7306-8d4a-5fc311ba4536" testName="ERPSystem.Application.Tests.Tax.SalesTaxEngineTests.Tax_exclusive_15_percent_single_line" computerName="DESKTOP-TP287AV" duration="00:00:00.0350583" startTime="2026-07-10T21:58:41.4056376+03:00" endTime="2026-07-10T21:58:41.4056377+03:00" testType="13cdc9d9-ddb5-4fa4-a97d-d965ccfc6d4b" outcome="Passed" testListId="8c84fa94-04c1-424b-9868-57a2d4851a1d" relativeResultsDirectory="bdb84c28-21c2-47ea-95b1-5fc4abe7583d" />
    <UnitTestResult executionId="65dfc1c6-c7db-4632-b81a-34df11fcfed8" testId="9a79a816-4a1c-b698-8b9c-6b7f5458d22a" testName="ERPSystem.Application.Tests.Tax.SalesTaxAcceptanceMatrixTests.Matrix_19_VAT_equals_TaxTotal" computerName="DESKTOP-TP287AV" duration="00:00:00.0002481" startTime="2026-07-10T21:58:41.4243339+03:00" endTime="2026-07-10T21:58:41.4243341+03:00" testType="13cdc9d9-ddb5-4fa4-a97d-d965ccfc6d4b" outcome="Passed" testListId="8c84fa94-04c1-424b-9868-57a2d4851a1d" relativeResultsDirectory="65dfc1c6-c7db-4632-b81a-34df11fcfed8" />
    <UnitTestResult executionId="1f847d6b-4158-4515-96ba-0fdeff1cff05" testId="77baa2cb-8515-6f76-7966-719a8111a6f4" testName="ERPSystem.Application.Tests.AccountingHealthCheckMappingTests.BuildHealthCheck_Fails_Critical_When_Duplicate_Journals_Present" computerName="DESKTOP-TP287AV" duration="00:00:00.0516754" startTime="2026-07-10T21:58:41.4103625+03:00" endTime="2026-07-10T21:58:41.4103626+03:00" testType="13cdc9d9-ddb5-4fa4-a97d-d965ccfc6d4b" outcome="Passed" testListId="8c84fa94-04c1-424b-9868-57a2d4851a1d" relativeResultsDirectory="1f847d6b-4158-4515-96ba-0fdeff1cff05" />
    <UnitTestResult executionId="c02215e8-9648-468f-a5a8-1475a321a908" testId="4d1c3960-0ed3-c5b9-7fb7-1971ab0167b6" testName="ERPSystem.Application.Tests.Tax.SalesTaxAcceptanceMatrixTests.Matrix_35_Tax_code_change_after_posting_does_not_change_snapshot" computerName="DESKTOP-TP287AV" duration="00:00:00.0014154" startTime="2026-07-10T21:58:41.4277901+03:00" endTime="2026-07-10T21:58:41.4277905+03:00" testType="13cdc9d9-ddb5-4fa4-a97d-d965ccfc6d4b" outcome="Passed" testListId="8c84fa94-04c1-424b-9868-57a2d4851a1d" relativeResultsDirectory="c02215e8-9648-468f-a5a8-1475a321a908" />
    <UnitTestResult executionId="290b778e-e594-403b-b426-696810029898" testId="c4e73658-a511-a935-b199-2ad6c9248c57" testName="ERPSystem.Application.Tests.Posting.PostingModelTests.ReversalResult_NotImplemented_does_not_claim_success" computerName="DESKTOP-TP287AV" duration="00:00:00.0017617" startTime="2026-07-10T21:58:41.3866097+03:00" endTime="2026-07-10T21:58:41.3866098+03:00" testType="13cdc9d9-ddb5-4fa4-a97d-d965ccfc6d4b" outcome="Passed" testListId="8c84fa94-04c1-424b-9868-57a2d4851a1d" relativeResultsDirectory="290b778e-e594-403b-b426-696810029898" />
    <UnitTestResult executionId="9e6b1f0c-2319-4d59-aa07-16d97d51d2f1" testId="356303a0-b980-019f-b27f-47e54a491962" testName="ERPSystem.Application.Tests.UseCases.Customers.CustomerAccountLedgerAccountingVerificationTests.RunningBalance_is_cumulative_for_each_movement_type" computerName="DESKTOP-TP287AV" duration="00:00:00.0157639" startTime="2026-07-10T21:58:41.3801884+03:00" endTime="2026-07-10T21:58:41.3802232+03:00" testType="13cdc9d9-ddb5-4fa4-a97d-d965ccfc6d4b" outcome="Passed" testListId="8c84fa94-04c1-424b-9868-57a2d4851a1d" relativeResultsDirectory="9e6b1f0c-2319-4d59-aa07-16d97d51d2f1" />
    <UnitTestResult executionId="f5d0013a-6c73-48cd-804e-961a4c2d2d7b" testId="2fdba000-85f9-985b-0f70-7a80d6c3ad45" testName="ERPSystem.Application.Tests.Tax.SalesTaxAcceptanceMatrixTests.Matrix_25_Legacy_journal_unchanged" computerName="DESKTOP-TP287AV" duration="00:00:00.0001190" startTime="2026-07-10T21:58:41.4262542+03:00" endTime="2026-07-10T21:58:41.4262543+03:00" testType="13cdc9d9-ddb5-4fa4-a97d-d965ccfc6d4b" outcome="Passed" testListId="8c84fa94-04c1-424b-9868-57a2d4851a1d" relativeResultsDirectory="f5d0013a-6c73-48cd-804e-961a4c2d2d7b" />
    <UnitTestResult executionId="4fa4843b-94c2-46ba-a7b3-d92f3d871ce6" testId="7b45e32a-ac0c-8592-e061-14d720b10242" testName="ERPSystem.Application.Tests.Tax.SalesTaxAcceptanceMatrixTests.Matrix_20_Balanced_journal" computerName="DESKTOP-TP287AV" duration="00:00:00.0004196" startTime="2026-07-10T21:58:41.4236078+03:00" endTime="2026-07-10T21:58:41.4236082+03:00" testType="13cdc9d9-ddb5-4fa4-a97d-d965ccfc6d4b" outcome="Passed" testListId="8c84fa94-04c1-424b-9868-57a2d4851a1d" relativeResultsDirectory="4fa4843b-94c2-46ba-a7b3-d92f3d871ce6" />
    <UnitTestResult executionId="cda7484b-2685-4dff-b821-876e5fdc189a" testId="5f666725-2019-5686-5b00-4710757c6b37" testName="ERPSystem.Application.Tests.Tax.SalesTaxAcceptanceMatrixTests.Matrix_24_Legacy_invoice_unchanged" computerName="DESKTOP-TP287AV" duration="00:00:00.0005800" startTime="2026-07-10T21:58:41.4088832+03:00" endTime="2026-07-10T21:58:41.4088833+03:00" testType="13cdc9d9-ddb5-4fa4-a97d-d965ccfc6d4b" outcome="Passed" testListId="8c84fa94-04c1-424b-9868-57a2d4851a1d" relativeResultsDirectory="cda7484b-2685-4dff-b821-876e5fdc189a" />
    <UnitTestResult executionId="d1279bd3-1f5d-4286-bc03-d1f4322dba54" testId="9aa73ad5-e40e-3415-a476-79b18b6f09d2" testName="ERPSystem.Application.Tests.Tax.SalesReturnTaxCalculatorTests.Matrix_26_Partial_return_tax_reverses_proportionally" computerName="DESKTOP-TP287AV" duration="00:00:00.0025829" startTime="2026-07-10T21:58:41.4101510+03:00" endTime="2026-07-10T21:58:41.4101511+03:00" testType="13cdc9d9-ddb5-4fa4-a97d-d965ccfc6d4b" outcome="Passed" testListId="8c84fa94-04c1-424b-9868-57a2d4851a1d" relativeResultsDirectory="d1279bd3-1f5d-4286-bc03-d1f4322dba54" />
    <UnitTestResult executionId="6f1c4b4b-a600-43db-ad15-8cb4e1d60f31" testId="1a1146bd-0590-3c9e-5032-4822ea5ac464" testName="ERPSystem.Application.Tests.Posting.AccountingPostingEngineLiveDbTests.PostAsync_rejects_unbalanced_lines_before_save" computerName="DESKTOP-TP287AV" duration="00:00:04.2021366" startTime="2026-07-10T21:58:45.5576811+03:00" endTime="2026-07-10T21:58:45.5576812+03:00" testType="13cdc9d9-ddb5-4fa4-a97d-d965ccfc6d4b" outcome="Passed" testListId="8c84fa94-04c1-424b-9868-57a2d4851a1d" relativeResultsDirectory="6f1c4b4b-a600-43db-ad15-8cb4e1d60f31" />
    <UnitTestResult executionId="29a60446-7a60-487a-bd69-45bbb4d63f77" testId="e19a6aee-5594-e56c-5579-4d2209beeac2" testName="ERPSystem.Application.Tests.UseCases.Customers.CustomerAccountLedgerAccountingVerificationTests.Legacy_vs_new_closing_formula_with_returns_and_discount" computerName="DESKTOP-TP287AV" duration="00:00:00.0002832" startTime="2026-07-10T21:58:41.3865216+03:00" endTime="2026-07-10T21:58:41.3865216+03:00" testType="13cdc9d9-ddb5-4fa4-a97d-d965ccfc6d4b" outcome="Passed" testListId="8c84fa94-04c1-424b-9868-57a2d4851a1d" relativeResultsDirectory="29a60446-7a60-487a-bd69-45bbb4d63f77" />
    <UnitTestResult executionId="b804e0c6-40bc-4484-bd0f-cca2ff1e0f69" testId="6e02121a-7942-2309-8d6e-fb2ecec3792e" testName="ERPSystem.Application.Tests.Tax.SalesTaxAcceptanceMatrixTests.Matrix_17_AR_equals_GrandTotal" computerName="DESKTOP-TP287AV" duration="00:00:00.0002721" startTime="2026-07-10T21:58:41.4239835+03:00" endTime="2026-07-10T21:58:41.4239837+03:00" testType="13cdc9d9-ddb5-4fa4-a97d-d965ccfc6d4b" outcome="Passed" testListId="8c84fa94-04c1-424b-9868-57a2d4851a1d" relativeResultsDirectory="b804e0c6-40bc-4484-bd0f-cca2ff1e0f69" />
    <UnitTestResult executionId="9915a104-f07f-41eb-87a6-e1f519f8041b" testId="2daad629-3c3f-f5fe-2bf7-24b8f16175d3" testName="ERPSystem.Application.Tests.Tax.SalesReturnTaxCalculatorTests.Matrix_27_Full_return_tax_matches_original" computerName="DESKTOP-TP287AV" duration="00:00:00.0004472" startTime="2026-07-10T21:58:41.4102878+03:00" endTime="2026-07-10T21:58:41.4102879+03:00" testType="13cdc9d9-ddb5-4fa4-a97d-d965ccfc6d4b" outcome="Passed" testListId="8c84fa94-04c1-424b-9868-57a2d4851a1d" relativeResultsDirectory="9915a104-f07f-41eb-87a6-e1f519f8041b" />
    <UnitTestResult executionId="416453aa-f051-4da0-9814-78812b522bd4" testId="738a5c09-cea9-cf5f-e735-abf2d7b484c2" testName="ERPSystem.Application.Tests.Tax.SalesTaxEngineTests.Invoice_discount_reduces_taxable_base" computerName="DESKTOP-TP287AV" duration="00:00:00.0004402" startTime="2026-07-10T21:58:41.4084064+03:00" endTime="2026-07-10T21:58:41.4084066+03:00" testType="13cdc9d9-ddb5-4fa4-a97d-d965ccfc6d4b" outcome="Passed" testListId="8c84fa94-04c1-424b-9868-57a2d4851a1d" relativeResultsDirectory="416453aa-f051-4da0-9814-78812b522bd4" />
    <UnitTestResult executionId="40627a69-b990-4b84-9d08-3747a650657c" testId="17c9782b-45b3-5601-86fb-f2976d2b3273" testName="ERPSystem.Application.Tests.E2E.Phase2TaxE2EIntegrationTests.E2E_ScenarioA_Exclusive_VAT_full_flow" computerName="DESKTOP-TP287AV" duration="00:00:04.2022012" startTime="2026-07-10T21:58:45.5577557+03:00" endTime="2026-07-10T21:58:45.5577558+03:00" testType="13cdc9d9-ddb5-4fa4-a97d-d965ccfc6d4b" outcome="Passed" testListId="8c84fa94-04c1-424b-9868-57a2d4851a1d" relativeResultsDirectory="40627a69-b990-4b84-9d08-3747a650657c" />
    <UnitTestResult executionId="7c7c321a-914d-4b6f-8f3f-8ae3d1ddaa2b" testId="db9cd28f-59d0-fa41-344c-5f205d8b6408" testName="ERPSystem.Application.Tests.UseCases.Identity.AuthenticateUserHandlerTests.HandleAsync_WithValidPassword_ReturnsSuccess" computerName="DESKTOP-TP287AV" duration="00:00:00.5456401" startTime="2026-07-10T21:58:42.7424629+03:00" endTime="2026-07-10T21:58:42.7424637+03:00" testType="13cdc9d9-ddb5-4fa4-a97d-d965ccfc6d4b" outcome="Passed" testListId="8c84fa94-04c1-424b-9868-57a2d4851a1d" relativeResultsDirectory="7c7c321a-914d-4b6f-8f3f-8ae3d1ddaa2b" />
    <UnitTestResult executionId="bc4a0429-8cf8-417d-8d29-e238a074359c" testId="3109d500-4e21-66c6-83dc-60c62b38e317" testName="ERPSystem.Application.Tests.Tax.SalesTaxAcceptanceMatrixTests.Matrix_16_Missing_posting_profile_is_configuration_concern" computerName="DESKTOP-TP287AV" duration="00:00:00.0002224" startTime="2026-07-10T21:58:41.4314417+03:00" endTime="2026-07-10T21:58:41.4314422+03:00" testType="13cdc9d9-ddb5-4fa4-a97d-d965ccfc6d4b" outcome="Passed" testListId="8c84fa94-04c1-424b-9868-57a2d4851a1d" relativeResultsDirectory="bc4a0429-8cf8-417d-8d29-e238a074359c" />
    <UnitTestResult executionId="fc000778-d649-437a-9341-9a99eb30bfa8" testId="b7ebc168-e5a0-305e-bf2d-7ef815fb1a92" testName="ERPSystem.Application.Tests.Tax.SalesTaxAcceptanceMatrixTests.Matrix_02_Inclusive_15_percent" computerName="DESKTOP-TP287AV" duration="00:00:00.0006606" startTime="2026-07-10T21:58:41.4089717+03:00" endTime="2026-07-10T21:58:41.4089718+03:00" testType="13cdc9d9-ddb5-4fa4-a97d-d965ccfc6d4b" outcome="Passed" testListId="8c84fa94-04c1-424b-9868-57a2d4851a1d" relativeResultsDirectory="fc000778-d649-437a-9341-9a99eb30bfa8" />
    <UnitTestResult executionId="6ba801a1-6e9f-4ad8-b485-83e73f2a5899" testId="04a94563-bb64-fc56-f592-7ab62633647c" testName="ERPSystem.Application.Tests.Tax.SalesTaxAcceptanceMatrixTests.Matrix_31_React_preview_uses_same_engine_as_server" computerName="DESKTOP-TP287AV" duration="00:00:00.0004493" startTime="2026-07-10T21:58:41.4298010+03:00" endTime="2026-07-10T21:58:41.4298014+03:00" testType="13cdc9d9-ddb5-4fa4-a97d-d965ccfc6d4b" outcome="Passed" testListId="8c84fa94-04c1-424b-9868-57a2d4851a1d" relativeResultsDirectory="6ba801a1-6e9f-4ad8-b485-83e73f2a5899" />
    <UnitTestResult executionId="55d7d17f-d768-4cc1-ae92-3935a17d175d" testId="555f40b8-cc42-38e3-0ef0-419981cd6b86" testName="ERPSystem.Application.Tests.Tax.SalesTaxAcceptanceMatrixTests.Matrix_03_No_tax" computerName="DESKTOP-TP287AV" duration="00:00:00.0004504" startTime="2026-07-10T21:58:41.4309867+03:00" endTime="2026-07-10T21:58:41.4309871+03:00" testType="13cdc9d9-ddb5-4fa4-a97d-d965ccfc6d4b" outcome="Passed" testListId="8c84fa94-04c1-424b-9868-57a2d4851a1d" relativeResultsDirectory="55d7d17f-d768-4cc1-ae92-3935a17d175d" />
    <UnitTestResult executionId="1822eb4d-5ea5-467e-9103-c945b47672aa" testId="ed0dc015-adc3-3106-7206-b7c9f72dc6a8" testName="ERPSystem.Application.Tests.Tax.SalesTaxAcceptanceMatrixTests.Matrix_08_Multiple_lines" computerName="DESKTOP-TP287AV" duration="00:00:00.0009173" startTime="2026-07-10T21:58:41.4087699+03:00" endTime="2026-07-10T21:58:41.4087701+03:00" testType="13cdc9d9-ddb5-4fa4-a97d-d965ccfc6d4b" outcome="Passed" testListId="8c84fa94-04c1-424b-9868-57a2d4851a1d" relativeResultsDirectory="1822eb4d-5ea5-467e-9103-c945b47672aa" />
    <UnitTestResult executionId="37a5b93d-0b19-460d-8c2d-f6128357ceb5" testId="32ff7cea-8144-5f8b-45cb-c750430807a7" testName="ERPSystem.Application.Tests.Tax.SalesInvoiceApprovalPostingBuilderTests.Legacy_invoice_posts_no_vat" computerName="DESKTOP-TP287AV" duration="00:00:00.0007085" startTime="2026-07-10T21:58:41.3869501+03:00" endTime="2026-07-10T21:58:41.3869502+03:00" testType="13cdc9d9-ddb5-4fa4-a97d-d965ccfc6d4b" outcome="Passed" testListId="8c84fa94-04c1-424b-9868-57a2d4851a1d" relativeResultsDirectory="37a5b93d-0b19-460d-8c2d-f6128357ceb5" />
    <UnitTestResult executionId="5a7564bd-d9b6-48c0-a777-6d1a428b6d3c" testId="34b520b9-207a-bda2-bbce-6e1c4bf6f428" testName="ERPSystem.Application.Tests.Tax.SalesTaxAcceptanceMatrixTests.Matrix_01_Exclusive_15_percent" computerName="DESKTOP-TP287AV" duration="00:00:00.0008992" startTime="2026-07-10T21:58:41.4058176+03:00" endTime="2026-07-10T21:58:41.4058178+03:00" testType="13cdc9d9-ddb5-4fa4-a97d-d965ccfc6d4b" outcome="Passed" testListId="8c84fa94-04c1-424b-9868-57a2d4851a1d" relativeResultsDirectory="5a7564bd-d9b6-48c0-a777-6d1a428b6d3c" />
    <UnitTestResult executionId="2b17c648-93dd-46f0-becd-020146b81c2f" testId="3d78035b-64e5-9994-6f24-469ba8dfb8ac" testName="ERPSystem.Application.Tests.Tax.SalesReturnTaxCalculatorTests.Matrix_29_Legacy_return_has_zero_tax_reversal" computerName="DESKTOP-TP287AV" duration="00:00:00.0043264" startTime="2026-07-10T21:58:41.4090530+03:00" endTime="2026-07-10T21:58:41.4090532+03:00" testType="13cdc9d9-ddb5-4fa4-a97d-d965ccfc6d4b" outcome="Passed" testListId="8c84fa94-04c1-424b-9868-57a2d4851a1d" relativeResultsDirectory="2b17c648-93dd-46f0-becd-020146b81c2f" />
    <UnitTestResult executionId="bac9815c-39f8-40eb-bff9-6a46f7b59c85" testId="1d3c13d1-e1c9-5200-8fc0-7a328b8782bc" testName="ERPSystem.Application.Tests.AccountingHealthCheckMappingTests.BuildHealthCheck_Passes_When_No_Issues" computerName="DESKTOP-TP287AV" duration="00:00:00.0057385" startTime="2026-07-10T21:58:41.4123946+03:00" endTime="2026-07-10T21:58:41.4123952+03:00" testType="13cdc9d9-ddb5-4fa4-a97d-d965ccfc6d4b" outcome="Passed" testListId="8c84fa94-04c1-424b-9868-57a2d4851a1d" relativeResultsDirectory="bac9815c-39f8-40eb-bff9-6a46f7b59c85" />
    <UnitTestResult executionId="c2d7e5f4-9716-4d2c-b7fe-131dadffa0a4" testId="2e8ee639-8007-198b-2fb6-3414f9f29f7e" testName="ERPSystem.Application.Tests.E2E.Phase2TaxE2EIntegrationTests.E2E_ScenarioB_Inclusive_VAT_full_flow" computerName="DESKTOP-TP287AV" duration="00:00:04.0282805" startTime="2026-07-10T21:58:49.5866951+03:00" endTime="2026-07-10T21:58:49.5866952+03:00" testType="13cdc9d9-ddb5-4fa4-a97d-d965ccfc6d4b" outcome="Passed" testListId="8c84fa94-04c1-424b-9868-57a2d4851a1d" relativeResultsDirectory="c2d7e5f4-9716-4d2c-b7fe-131dadffa0a4" />
    <UnitTestResult executionId="7164aa73-6e5e-4515-a9bb-309d801cbd04" testId="962d1588-2ead-a9ed-53bb-431af86a7605" testName="ERPSystem.Application.Tests.Tax.SalesTaxAcceptanceMatrixTests.Matrix_36_Tax_account_change_after_posting_does_not_change_snapshot" computerName="DESKTOP-TP287AV" duration="00:00:00.0006678" startTime="2026-07-10T21:58:41.4219585+03:00" endTime="2026-07-10T21:58:41.4219586+03:00" testType="13cdc9d9-ddb5-4fa4-a97d-d965ccfc6d4b" outcome="Passed" testListId="8c84fa94-04c1-424b-9868-57a2d4851a1d" relativeResultsDirectory="7164aa73-6e5e-4515-a9bb-309d801cbd04" />
    <UnitTestResult executionId="c8efafc4-591b-4937-8223-21909db7205c" testId="fc30f3d0-2132-f690-8c16-6f4998376b16" testName="ERPSystem.Application.Tests.Tax.SalesTaxAcceptanceMatrixTests.Matrix_30_WPF_preview_uses_same_engine_as_server" computerName="DESKTOP-TP287AV" duration="00:00:00.0004026" startTime="2026-07-10T21:58:41.4292408+03:00" endTime="2026-07-10T21:58:41.4292409+03:00" testType="13cdc9d9-ddb5-4fa4-a97d-d965ccfc6d4b" outcome="Passed" testListId="8c84fa94-04c1-424b-9868-57a2d4851a1d" relativeResultsDirectory="c8efafc4-591b-4937-8223-21909db7205c" />
    <UnitTestResult executionId="c244eb1c-5d1e-442d-aee9-7e2252c0d221" testId="314c860a-62dd-7c3e-7add-65c3c69e0957" testName="ERPSystem.Application.Tests.E2E.Phase2TaxE2EIntegrationTests.Matrix_21_22_Concurrent_taxed_approval_single_journal" computerName="DESKTOP-TP287AV" duration="00:00:04.0565916" startTime="2026-07-10T21:58:53.6438567+03:00" endTime="2026-07-10T21:58:53.6438570+03:00" testType="13cdc9d9-ddb5-4fa4-a97d-d965ccfc6d4b" outcome="Passed" testListId="8c84fa94-04c1-424b-9868-57a2d4851a1d" relativeResultsDirectory="c244eb1c-5d1e-442d-aee9-7e2252c0d221" />
    <UnitTestResult executionId="577a1596-d9e9-45a1-9515-70b37def0030" testId="621934bc-8318-675c-dc24-f14463c3de70" testName="ERPSystem.Application.Tests.E2E.Phase2TaxE2EIntegrationTests.Matrix_23_Rollback_on_approval_failure" computerName="DESKTOP-TP287AV" duration="00:00:04.0569613" startTime="2026-07-10T21:58:57.7012983+03:00" endTime="2026-07-10T21:58:57.7012986+03:00" testType="13cdc9d9-ddb5-4fa4-a97d-d965ccfc6d4b" outcome="Passed" testListId="8c84fa94-04c1-424b-9868-57a2d4851a1d" relativeResultsDirectory="577a1596-d9e9-45a1-9515-70b37def0030" />
    <UnitTestResult executionId="ea3752f9-7a25-482e-8d11-82c057b91537" testId="eff9b643-3e4f-2481-7fe2-ccae6a060ca1" testName="ERPSystem.Application.Tests.Posting.AccountingPostingEngineLiveDbTests.Parallel_posting_same_identity_yields_single_journal_entry" computerName="DESKTOP-TP287AV" duration="00:00:04.0281323" startTime="2026-07-10T21:58:49.5864661+03:00" endTime="2026-07-10T21:58:49.5864663+03:00" testType="13cdc9d9-ddb5-4fa4-a97d-d965ccfc6d4b" outcome="Passed" testListId="8c84fa94-04c1-424b-9868-57a2d4851a1d" relativeResultsDirectory="ea3752f9-7a25-482e-8d11-82c057b91537" />
    <UnitTestResult executionId="2dc3c7ac-54d1-42a3-9f37-479f11aa4321" testId="faaa98cf-34cc-aaa5-fc41-0265a7ae5852" testName="ERPSystem.Application.Tests.E2E.Phase2TaxE2EIntegrationTests.Matrix_34_Company_isolation_no_test_data_in_production" computerName="DESKTOP-TP287AV" duration="00:00:04.0363768" startTime="2026-07-10T21:59:01.7380565+03:00" endTime="2026-07-10T21:59:01.7380569+03:00" testType="13cdc9d9-ddb5-4fa4-a97d-d965ccfc6d4b" outcome="Passed" testListId="8c84fa94-04c1-424b-9868-57a2d4851a1d" relativeResultsDirectory="2dc3c7ac-54d1-42a3-9f37-479f11aa4321" />
    <UnitTestResult executionId="0fd1f073-7dd3-4dd1-8e3d-96e2e2ad9df4" testId="4ee33e6f-8c76-ec0b-0d08-38fa2aede4a8" testName="ERPSystem.Application.Tests.Tax.SalesTaxAcceptanceMatrixTests.Matrix_06_Line_discount" computerName="DESKTOP-TP287AV" duration="00:00:00.0012104" startTime="2026-07-10T21:58:41.4086233+03:00" endTime="2026-07-10T21:58:41.4086234+03:00" testType="13cdc9d9-ddb5-4fa4-a97d-d965ccfc6d4b" outcome="Passed" testListId="8c84fa94-04c1-424b-9868-57a2d4851a1d" relativeResultsDirectory="0fd1f073-7dd3-4dd1-8e3d-96e2e2ad9df4" />
    <UnitTestResult executionId="69c66e11-8c51-4e50-a611-99b2352e7836" testId="bc39cdc0-7d24-19de-abb9-2e5102d4d21c" testName="ERPSystem.Application.Tests.Tax.SalesTaxAcceptanceMatrixTests.Matrix_09_Multiple_rates" computerName="DESKTOP-TP287AV" duration="00:00:00.0009624" startTime="2026-07-10T21:58:41.4154496+03:00" endTime="2026-07-10T21:58:41.4154499+03:00" testType="13cdc9d9-ddb5-4fa4-a97d-d965ccfc6d4b" outcome="Passed" testListId="8c84fa94-04c1-424b-9868-57a2d4851a1d" relativeResultsDirectory="69c66e11-8c51-4e50-a611-99b2352e7836" />
    <UnitTestResult executionId="aff6cf26-4e6a-48fb-ac25-0f0712e661df" testId="23f879cb-0fb1-868f-4094-daa3c2e9fa7f" testName="ERPSystem.Application.Tests.Tax.SalesTaxEngineTests.Multiple_rates_aggregate_correctly" computerName="DESKTOP-TP287AV" duration="00:00:00.0017726" startTime="2026-07-10T21:58:41.4087074+03:00" endTime="2026-07-10T21:58:41.4087074+03:00" testType="13cdc9d9-ddb5-4fa4-a97d-d965ccfc6d4b" outcome="Passed" testListId="8c84fa94-04c1-424b-9868-57a2d4851a1d" relativeResultsDirectory="aff6cf26-4e6a-48fb-ac25-0f0712e661df" />
    <UnitTestResult executionId="e62ae828-b7fa-4756-8593-8d339356add0" testId="6f015b31-1a64-83f0-2391-f51f5bf71542" testName="ERPSystem.Application.Tests.Posting.WpfPostingGuardTests.ConcurrentDictionary_prevents_duplicate_inflight_key" computerName="DESKTOP-TP287AV" duration="00:00:00.0064754" startTime="2026-07-10T21:58:41.4055224+03:00" endTime="2026-07-10T21:58:41.4055225+03:00" testType="13cdc9d9-ddb5-4fa4-a97d-d965ccfc6d4b" outcome="Passed" testListId="8c84fa94-04c1-424b-9868-57a2d4851a1d" relativeResultsDirectory="e62ae828-b7fa-4756-8593-8d339356add0" />
    <UnitTestResult executionId="cf126f6c-511f-4c36-bba2-eefe81ee814e" testId="1353ee45-90ed-7ef5-6c12-71ab2352d30e" testName="ERPSystem.Application.Tests.Tax.SalesTaxAcceptanceMatrixTests.Matrix_32_PDF_equals_snapshots" computerName="DESKTOP-TP287AV" duration="00:00:00.0190893" startTime="2026-07-10T21:58:41.4143626+03:00" endTime="2026-07-10T21:58:41.4143629+03:00" testType="13cdc9d9-ddb5-4fa4-a97d-d965ccfc6d4b" outcome="Passed" testListId="8c84fa94-04c1-424b-9868-57a2d4851a1d" relativeResultsDirectory="cf126f6c-511f-4c36-bba2-eefe81ee814e" />
    <UnitTestResult executionId="bb79ff7d-d93e-4998-b894-3765e74a3886" testId="20ef1441-55a5-ee21-f8f5-463c4b4e1d8c" testName="ERPSystem.Application.Tests.Tax.SalesTaxAcceptanceMatrixTests.Matrix_05_Exempt" computerName="DESKTOP-TP287AV" duration="00:00:00.0003872" startTime="2026-07-10T21:58:41.4160074+03:00" endTime="2026-07-10T21:58:41.4160079+03:00" testType="13cdc9d9-ddb5-4fa4-a97d-d965ccfc6d4b" outcome="Passed" testListId="8c84fa94-04c1-424b-9868-57a2d4851a1d" relativeResultsDirectory="bb79ff7d-d93e-4998-b894-3765e74a3886" />
    <UnitTestResult executionId="a42d2f52-6b82-4cdd-98c8-81692441f5ed" testId="f90fa37c-a415-e4ff-302b-ed5c59427de9" testName="ERPSystem.Application.Tests.Tax.SalesTaxAcceptanceMatrixTests.Matrix_10_Decimal_fabric_quantities" computerName="DESKTOP-TP287AV" duration="00:00:00.0005130" startTime="2026-07-10T21:58:41.4260410+03:00" endTime="2026-07-10T21:58:41.4260415+03:00" testType="13cdc9d9-ddb5-4fa4-a97d-d965ccfc6d4b" outcome="Passed" testListId="8c84fa94-04c1-424b-9868-57a2d4851a1d" relativeResultsDirectory="a42d2f52-6b82-4cdd-98c8-81692441f5ed" />
    <UnitTestResult executionId="7d921e62-c664-4da2-8ff1-0eda34df98aa" testId="70474675-e687-b602-1c3f-1c6179b62c14" testName="ERPSystem.Application.Tests.UseCases.Customers.CustomerAccountLedgerLiveDbVerificationTests.Live_db_legacy_and_new_totals_align_when_returns_accounted" computerName="DESKTOP-TP287AV" duration="00:00:00.3643847" startTime="2026-07-10T21:58:41.7246346+03:00" endTime="2026-07-10T21:58:41.7246355+03:00" testType="13cdc9d9-ddb5-4fa4-a97d-d965ccfc6d4b" outcome="Passed" testListId="8c84fa94-04c1-424b-9868-57a2d4851a1d" relativeResultsDirectory="7d921e62-c664-4da2-8ff1-0eda34df98aa" />
    <UnitTestResult executionId="45b7cfa6-2c0a-45c8-9ab3-0436761f9612" testId="72be8c6b-dec9-1fe6-f08c-ccd04add05a5" testName="ERPSystem.Application.Tests.Tax.SalesTaxAcceptanceMatrixTests.Matrix_04_Zero_rated" computerName="DESKTOP-TP287AV" duration="00:00:00.0051427" startTime="2026-07-10T21:58:41.4055782+03:00" endTime="2026-07-10T21:58:41.4055783+03:00" testType="13cdc9d9-ddb5-4fa4-a97d-d965ccfc6d4b" outcome="Passed" testListId="8c84fa94-04c1-424b-9868-57a2d4851a1d" relativeResultsDirectory="45b7cfa6-2c0a-45c8-9ab3-0436761f9612" />
    <UnitTestResult executionId="0db699f0-9209-4913-93a9-f6256c64983e" testId="c9d65ffa-c909-0de8-2c24-48c696e0ca40" testName="ERPSystem.Application.Tests.Tax.SalesTaxAcceptanceMatrixTests.Matrix_12_Inactive_tax_code_rejected_by_preview" computerName="DESKTOP-TP287AV" duration="00:00:00.0005864" startTime="2026-07-10T21:58:41.4230799+03:00" endTime="2026-07-10T21:58:41.4230800+03:00" testType="13cdc9d9-ddb5-4fa4-a97d-d965ccfc6d4b" outcome="Passed" testListId="8c84fa94-04c1-424b-9868-57a2d4851a1d" relativeResultsDirectory="0db699f0-9209-4913-93a9-f6256c64983e" />
  </Results>
  <TestDefinitions>
    <UnitTest name="ERPSystem.Application.Tests.Tax.SalesTaxAcceptanceMatrixTests.Matrix_35_Tax_code_change_after_posting_does_not_change_snapshot" storage="c:\users\homsi\desktop\pos erp c#\erpsystem\erpsystem.application.tests\bin\debug\net9.0\erpsystem.application.tests.dll" id="4d1c3960-0ed3-c5b9-7fb7-1971ab0167b6">
      <Execution id="c02215e8-9648-468f-a5a8-1475a321a908" />
      <TestMethod codeBase="C:\Users\Homsi\Desktop\POS ERP C#\ERPSystem\ERPSystem.Application.Tests\bin\Debug\net9.0\ERPSystem.Application.Tests.dll" adapterTypeName="executor://xunit/VsTestRunner2/netcoreapp" className="ERPSystem.Application.Tests.Tax.SalesTaxAcceptanceMatrixTests" name="Matrix_35_Tax_code_change_after_posting_does_not_change_snapshot" />
    </UnitTest>
    <UnitTest name="ERPSystem.Application.Tests.Tax.SalesTaxAcceptanceMatrixTests.Matrix_36_Tax_account_change_after_posting_does_not_change_snapshot" storage="c:\users\homsi\desktop\pos erp c#\erpsystem\erpsystem.application.tests\bin\debug\net9.0\erpsystem.application.tests.dll" id="962d1588-2ead-a9ed-53bb-431af86a7605">
      <Execution id="7164aa73-6e5e-4515-a9bb-309d801cbd04" />
      <TestMethod codeBase="C:\Users\Homsi\Desktop\POS ERP C#\ERPSystem\ERPSystem.Application.Tests\bin\Debug\net9.0\ERPSystem.Application.Tests.dll" adapterTypeName="executor://xunit/VsTestRunner2/netcoreapp" className="ERPSystem.Application.Tests.Tax.SalesTaxAcceptanceMatrixTests" name="Matrix_36_Tax_account_change_after_posting_does_not_change_snapshot" />
    </UnitTest>
    <UnitTest name="ERPSystem.Application.Tests.Tax.SalesTaxAcceptanceMatrixTests.Matrix_32_PDF_equals_snapshots" storage="c:\users\homsi\desktop\pos erp c#\erpsystem\erpsystem.application.tests\bin\debug\net9.0\erpsystem.application.tests.dll" id="1353ee45-90ed-7ef5-6c12-71ab2352d30e">
      <Execution id="cf126f6c-511f-4c36-bba2-eefe81ee814e" />
      <TestMethod codeBase="C:\Users\Homsi\Desktop\POS ERP C#\ERPSystem\ERPSystem.Application.Tests\bin\Debug\net9.0\ERPSystem.Application.Tests.dll" adapterTypeName="executor://xunit/VsTestRunner2/netcoreapp" className="ERPSystem.Application.Tests.Tax.SalesTaxAcceptanceMatrixTests" name="Matrix_32_PDF_equals_snapshots" />
    </UnitTest>
    <UnitTest name="ERPSystem.Application.Tests.UseCases.Identity.AuthenticateUserHandlerTests.HandleAsync_WithInvalidPassword_ReturnsFailure" storage="c:\users\homsi\desktop\pos erp c#\erpsystem\erpsystem.application.tests\bin\debug\net9.0\erpsystem.application.tests.dll" id="91c0e968-89a2-6e2a-abc0-66a7f231b6d1">
      <Execution id="20ff9140-7809-46fa-aa75-5e5408345f95" />
      <TestMethod codeBase="C:\Users\Homsi\Desktop\POS ERP C#\ERPSystem\ERPSystem.Application.Tests\bin\Debug\net9.0\ERPSystem.Application.Tests.dll" adapterTypeName="executor://xunit/VsTestRunner2/netcoreapp" className="ERPSystem.Application.Tests.UseCases.Identity.AuthenticateUserHandlerTests" name="HandleAsync_WithInvalidPassword_ReturnsFailure" />
    </UnitTest>
    <UnitTest name="ERPSystem.Application.Tests.Tax.SalesTaxAcceptanceMatrixTests.Matrix_16_Missing_posting_profile_is_configuration_concern" storage="c:\users\homsi\desktop\pos erp c#\erpsystem\erpsystem.application.tests\bin\debug\net9.0\erpsystem.application.tests.dll" id="3109d500-4e21-66c6-83dc-60c62b38e317">
      <Execution id="bc4a0429-8cf8-417d-8d29-e238a074359c" />
      <TestMethod codeBase="C:\Users\Homsi\Desktop\POS ERP C#\ERPSystem\ERPSystem.Application.Tests\bin\Debug\net9.0\ERPSystem.Application.Tests.dll" adapterTypeName="executor://xunit/VsTestRunner2/netcoreapp" className="ERPSystem.Application.Tests.Tax.SalesTaxAcceptanceMatrixTests" name="Matrix_16_Missing_posting_profile_is_configuration_concern" />
    </UnitTest>
    <UnitTest name="ERPSystem.Application.Tests.Tax.SalesTaxAcceptanceMatrixTests.Matrix_12_Inactive_tax_code_rejected_by_preview" storage="c:\users\homsi\desktop\pos erp c#\erpsystem\erpsystem.application.tests\bin\debug\net9.0\erpsystem.application.tests.dll" id="c9d65ffa-c909-0de8-2c24-48c696e0ca40">
      <Execution id="0db699f0-9209-4913-93a9-f6256c64983e" />
      <TestMethod codeBase="C:\Users\Homsi\Desktop\POS ERP C#\ERPSystem\ERPSystem.Application.Tests\bin\Debug\net9.0\ERPSystem.Application.Tests.dll" adapterTypeName="executor://xunit/VsTestRunner2/netcoreapp" className="ERPSystem.Application.Tests.Tax.SalesTaxAcceptanceMatrixTests" name="Matrix_12_Inactive_tax_code_rejected_by_preview" />
    </UnitTest>
    <UnitTest name="ERPSystem.Application.Tests.Tax.SalesReturnTaxCalculatorTests.Matrix_26_Partial_return_tax_reverses_proportionally" storage="c:\users\homsi\desktop\pos erp c#\erpsystem\erpsystem.application.tests\bin\debug\net9.0\erpsystem.application.tests.dll" id="9aa73ad5-e40e-3415-a476-79b18b6f09d2">
      <Execution id="d1279bd3-1f5d-4286-bc03-d1f4322dba54" />
      <TestMethod codeBase="C:\Users\Homsi\Desktop\POS ERP C#\ERPSystem\ERPSystem.Application.Tests\bin\Debug\net9.0\ERPSystem.Application.Tests.dll" adapterTypeName="executor://xunit/VsTestRunner2/netcoreapp" className="ERPSystem.Application.Tests.Tax.SalesReturnTaxCalculatorTests" name="Matrix_26_Partial_return_tax_reverses_proportionally" />
    </UnitTest>
    <UnitTest name="ERPSystem.Application.Tests.Tax.SalesTaxAcceptanceMatrixTests.Matrix_18_Revenue_equals_net_policy" storage="c:\users\homsi\desktop\pos erp c#\erpsystem\erpsystem.application.tests\bin\debug\net9.0\erpsystem.application.tests.dll" id="d220f06b-cc9c-419e-4c82-b5bb2a5fb15d">
      <Execution id="68b50858-7baf-4c25-abb6-d2c974280ec9" />
      <TestMethod codeBase="C:\Users\Homsi\Desktop\POS ERP C#\ERPSystem\ERPSystem.Application.Tests\bin\Debug\net9.0\ERPSystem.Application.Tests.dll" adapterTypeName="executor://xunit/VsTestRunner2/netcoreapp" className="ERPSystem.Application.Tests.Tax.SalesTaxAcceptanceMatrixTests" name="Matrix_18_Revenue_equals_net_policy" />
    </UnitTest>
    <UnitTest name="ERPSystem.Application.Tests.Tax.SalesInvoiceApprovalPostingBuilderTests.Legacy_invoice_posts_no_vat" storage="c:\users\homsi\desktop\pos erp c#\erpsystem\erpsystem.application.tests\bin\debug\net9.0\erpsystem.application.tests.dll" id="32ff7cea-8144-5f8b-45cb-c750430807a7">
      <Execution id="37a5b93d-0b19-460d-8c2d-f6128357ceb5" />
      <TestMethod codeBase="C:\Users\Homsi\Desktop\POS ERP C#\ERPSystem\ERPSystem.Application.Tests\bin\Debug\net9.0\ERPSystem.Application.Tests.dll" adapterTypeName="executor://xunit/VsTestRunner2/netcoreapp" className="ERPSystem.Application.Tests.Tax.SalesInvoiceApprovalPostingBuilderTests" name="Legacy_invoice_posts_no_vat" />
    </UnitTest>
    <UnitTest name="ERPSystem.Application.Tests.Tax.SalesTaxAcceptanceMatrixTests.Matrix_06_Line_discount" storage="c:\users\homsi\desktop\pos erp c#\erpsystem\erpsystem.application.tests\bin\debug\net9.0\erpsystem.application.tests.dll" id="4ee33e6f-8c76-ec0b-0d08-38fa2aede4a8">
      <Execution id="0fd1f073-7dd3-4dd1-8e3d-96e2e2ad9df4" />
      <TestMethod codeBase="C:\Users\Homsi\Desktop\POS ERP C#\ERPSystem\ERPSystem.Application.Tests\bin\Debug\net9.0\ERPSystem.Application.Tests.dll" adapterTypeName="executor://xunit/VsTestRunner2/netcoreapp" className="ERPSystem.Application.Tests.Tax.SalesTaxAcceptanceMatrixTests" name="Matrix_06_Line_discount" />
    </UnitTest>
    <UnitTest name="ERPSystem.Application.Tests.Tax.SalesTaxAcceptanceMatrixTests.Matrix_20_Balanced_journal" storage="c:\users\homsi\desktop\pos erp c#\erpsystem\erpsystem.application.tests\bin\debug\net9.0\erpsystem.application.tests.dll" id="7b45e32a-ac0c-8592-e061-14d720b10242">
      <Execution id="4fa4843b-94c2-46ba-a7b3-d92f3d871ce6" />
      <TestMethod codeBase="C:\Users\Homsi\Desktop\POS ERP C#\ERPSystem\ERPSystem.Application.Tests\bin\Debug\net9.0\ERPSystem.Application.Tests.dll" adapterTypeName="executor://xunit/VsTestRunner2/netcoreapp" className="ERPSystem.Application.Tests.Tax.SalesTaxAcceptanceMatrixTests" name="Matrix_20_Balanced_journal" />
    </UnitTest>
    <UnitTest name="ERPSystem.Application.Tests.AccountingHealthCheckMappingTests.BuildHealthCheck_Fails_Critical_When_Duplicate_Journals_Present" storage="c:\users\homsi\desktop\pos erp c#\erpsystem\erpsystem.application.tests\bin\debug\net9.0\erpsystem.application.tests.dll" id="77baa2cb-8515-6f76-7966-719a8111a6f4">
      <Execution id="1f847d6b-4158-4515-96ba-0fdeff1cff05" />
      <TestMethod codeBase="C:\Users\Homsi\Desktop\POS ERP C#\ERPSystem\ERPSystem.Application.Tests\bin\Debug\net9.0\ERPSystem.Application.Tests.dll" adapterTypeName="executor://xunit/VsTestRunner2/netcoreapp" className="ERPSystem.Application.Tests.AccountingHealthCheckMappingTests" name="BuildHealthCheck_Fails_Critical_When_Duplicate_Journals_Present" />
    </UnitTest>
    <UnitTest name="ERPSystem.Application.Tests.Tax.SalesTaxAcceptanceMatrixTests.Matrix_25_Legacy_journal_unchanged" storage="c:\users\homsi\desktop\pos erp c#\erpsystem\erpsystem.application.tests\bin\debug\net9.0\erpsystem.application.tests.dll" id="2fdba000-85f9-985b-0f70-7a80d6c3ad45">
      <Execution id="f5d0013a-6c73-48cd-804e-961a4c2d2d7b" />
      <TestMethod codeBase="C:\Users\Homsi\Desktop\POS ERP C#\ERPSystem\ERPSystem.Application.Tests\bin\Debug\net9.0\ERPSystem.Application.Tests.dll" adapterTypeName="executor://xunit/VsTestRunner2/netcoreapp" className="ERPSystem.Application.Tests.Tax.SalesTaxAcceptanceMatrixTests" name="Matrix_25_Legacy_journal_unchanged" />
    </UnitTest>
    <UnitTest name="ERPSystem.Application.Tests.Tax.SalesTaxAcceptanceMatrixTests.Matrix_11_Rounding_edge_case" storage="c:\users\homsi\desktop\pos erp c#\erpsystem\erpsystem.application.tests\bin\debug\net9.0\erpsystem.application.tests.dll" id="576529b4-e3c4-a288-c6f5-4ce029c7cb58">
      <Execution id="0b0478a2-cba4-4fd7-924f-8cd0c3bf5134" />
      <TestMethod codeBase="C:\Users\Homsi\Desktop\POS ERP C#\ERPSystem\ERPSystem.Application.Tests\bin\Debug\net9.0\ERPSystem.Application.Tests.dll" adapterTypeName="executor://xunit/VsTestRunner2/netcoreapp" className="ERPSystem.Application.Tests.Tax.SalesTaxAcceptanceMatrixTests" name="Matrix_11_Rounding_edge_case" />
    </UnitTest>
    <UnitTest name="ERPSystem.Application.Tests.Posting.PostingModelTests.PostingResult_Succeeded_sets_expected_fields" storage="c:\users\homsi\desktop\pos erp c#\erpsystem\erpsystem.application.tests\bin\debug\net9.0\erpsystem.application.tests.dll" id="78f1dc5e-569c-f4a9-7830-d98256db8bd2">
      <Execution id="c0d2dc35-0095-4c29-bc1c-c0d388bfc5d4" />
      <TestMethod codeBase="C:\Users\Homsi\Desktop\POS ERP C#\ERPSystem\ERPSystem.Application.Tests\bin\Debug\net9.0\ERPSystem.Application.Tests.dll" adapterTypeName="executor://xunit/VsTestRunner2/netcoreapp" className="ERPSystem.Application.Tests.Posting.PostingModelTests" name="PostingResult_Succeeded_sets_expected_fields" />
    </UnitTest>
    <UnitTest name="ERPSystem.Application.Tests.Tax.SalesInvoiceApprovalPostingBuilderTests.Example_A_no_discount_15_percent_tax" storage="c:\users\homsi\desktop\pos erp c#\erpsystem\erpsystem.application.tests\bin\debug\net9.0\erpsystem.application.tests.dll" id="17421f48-623b-4749-641b-5fb7bdaac902">
      <Execution id="1313b478-9fc3-42b0-aef3-45ffd62133a5" />
      <TestMethod codeBase="C:\Users\Homsi\Desktop\POS ERP C#\ERPSystem\ERPSystem.Application.Tests\bin\Debug\net9.0\ERPSystem.Application.Tests.dll" adapterTypeName="executor://xunit/VsTestRunner2/netcoreapp" className="ERPSystem.Application.Tests.Tax.SalesInvoiceApprovalPostingBuilderTests" name="Example_A_no_discount_15_percent_tax" />
    </UnitTest>
    <UnitTest name="ERPSystem.Application.Tests.Tax.SalesTaxAcceptanceMatrixTests.Matrix_30_WPF_preview_uses_same_engine_as_server" storage="c:\users\homsi\desktop\pos erp c#\erpsystem\erpsystem.application.tests\bin\debug\net9.0\erpsystem.application.tests.dll" id="fc30f3d0-2132-f690-8c16-6f4998376b16">
      <Execution id="c8efafc4-591b-4937-8223-21909db7205c" />
      <TestMethod codeBase="C:\Users\Homsi\Desktop\POS ERP C#\ERPSystem\ERPSystem.Application.Tests\bin\Debug\net9.0\ERPSystem.Application.Tests.dll" adapterTypeName="executor://xunit/VsTestRunner2/netcoreapp" className="ERPSystem.Application.Tests.Tax.SalesTaxAcceptanceMatrixTests" name="Matrix_30_WPF_preview_uses_same_engine_as_server" />
    </UnitTest>
    <UnitTest name="ERPSystem.Application.Tests.Posting.AccountingPostingEngineLiveDbTests.Parallel_posting_same_identity_yields_single_journal_entry" storage="c:\users\homsi\desktop\pos erp c#\erpsystem\erpsystem.application.tests\bin\debug\net9.0\erpsystem.application.tests.dll" id="eff9b643-3e4f-2481-7fe2-ccae6a060ca1">
      <Execution id="ea3752f9-7a25-482e-8d11-82c057b91537" />
      <TestMethod codeBase="C:\Users\Homsi\Desktop\POS ERP C#\ERPSystem\ERPSystem.Application.Tests\bin\Debug\net9.0\ERPSystem.Application.Tests.dll" adapterTypeName="executor://xunit/VsTestRunner2/netcoreapp" className="ERPSystem.Application.Tests.Posting.AccountingPostingEngineLiveDbTests" name="Parallel_posting_same_identity_yields_single_journal_entry" />
    </UnitTest>
    <UnitTest name="ERPSystem.Application.Tests.E2E.Phase2TaxE2EIntegrationTests.Matrix_23_Rollback_on_approval_failure" storage="c:\users\homsi\desktop\pos erp c#\erpsystem\erpsystem.application.tests\bin\debug\net9.0\erpsystem.application.tests.dll" id="621934bc-8318-675c-dc24-f14463c3de70">
      <Execution id="577a1596-d9e9-45a1-9515-70b37def0030" />
      <TestMethod codeBase="C:\Users\Homsi\Desktop\POS ERP C#\ERPSystem\ERPSystem.Application.Tests\bin\Debug\net9.0\ERPSystem.Application.Tests.dll" adapterTypeName="executor://xunit/VsTestRunner2/netcoreapp" className="ERPSystem.Application.Tests.E2E.Phase2TaxE2EIntegrationTests" name="Matrix_23_Rollback_on_approval_failure" />
    </UnitTest>
    <UnitTest name="ERPSystem.Application.Tests.Tax.SalesTaxAcceptanceMatrixTests.Matrix_01_Exclusive_15_percent" storage="c:\users\homsi\desktop\pos erp c#\erpsystem\erpsystem.application.tests\bin\debug\net9.0\erpsystem.application.tests.dll" id="34b520b9-207a-bda2-bbce-6e1c4bf6f428">
      <Execution id="5a7564bd-d9b6-48c0-a777-6d1a428b6d3c" />
      <TestMethod codeBase="C:\Users\Homsi\Desktop\POS ERP C#\ERPSystem\ERPSystem.Application.Tests\bin\Debug\net9.0\ERPSystem.Application.Tests.dll" adapterTypeName="executor://xunit/VsTestRunner2/netcoreapp" className="ERPSystem.Application.Tests.Tax.SalesTaxAcceptanceMatrixTests" name="Matrix_01_Exclusive_15_percent" />
    </UnitTest>
    <UnitTest name="ERPSystem.Application.Tests.E2E.Phase2TaxE2EIntegrationTests.Production_company_invoice_count_unchanged_after_test_operations" storage="c:\users\homsi\desktop\pos erp c#\erpsystem\erpsystem.application.tests\bin\debug\net9.0\erpsystem.application.tests.dll" id="d89173fc-e4c3-a503-942c-3c7aceff8c04">
      <Execution id="84d95461-51ce-494a-ae81-7c6133b56a69" />
      <TestMethod codeBase="C:\Users\Homsi\Desktop\POS ERP C#\ERPSystem\ERPSystem.Application.Tests\bin\Debug\net9.0\ERPSystem.Application.Tests.dll" adapterTypeName="executor://xunit/VsTestRunner2/netcoreapp" className="ERPSystem.Application.Tests.E2E.Phase2TaxE2EIntegrationTests" name="Production_company_invoice_count_unchanged_after_test_operations" />
    </UnitTest>
    <UnitTest name="ERPSystem.Application.Tests.UseCases.Customers.CustomerAccountLedgerAccountingVerificationTests.Legacy_vs_new_closing_formula_with_returns_and_discount" storage="c:\users\homsi\desktop\pos erp c#\erpsystem\erpsystem.application.tests\bin\debug\net9.0\erpsystem.application.tests.dll" id="e19a6aee-5594-e56c-5579-4d2209beeac2">
      <Execution id="29a60446-7a60-487a-bd69-45bbb4d63f77" />
      <TestMethod codeBase="C:\Users\Homsi\Desktop\POS ERP C#\ERPSystem\ERPSystem.Application.Tests\bin\Debug\net9.0\ERPSystem.Application.Tests.dll" adapterTypeName="executor://xunit/VsTestRunner2/netcoreapp" className="ERPSystem.Application.Tests.UseCases.Customers.CustomerAccountLedgerAccountingVerificationTests" name="Legacy_vs_new_closing_formula_with_returns_and_discount" />
    </UnitTest>
    <UnitTest name="ERPSystem.Application.Tests.Tax.SalesTaxAcceptanceMatrixTests.Matrix_17_AR_equals_GrandTotal" storage="c:\users\homsi\desktop\pos erp c#\erpsystem\erpsystem.application.tests\bin\debug\net9.0\erpsystem.application.tests.dll" id="6e02121a-7942-2309-8d6e-fb2ecec3792e">
      <Execution id="b804e0c6-40bc-4484-bd0f-cca2ff1e0f69" />
      <TestMethod codeBase="C:\Users\Homsi\Desktop\POS ERP C#\ERPSystem\ERPSystem.Application.Tests\bin\Debug\net9.0\ERPSystem.Application.Tests.dll" adapterTypeName="executor://xunit/VsTestRunner2/netcoreapp" className="ERPSystem.Application.Tests.Tax.SalesTaxAcceptanceMatrixTests" name="Matrix_17_AR_equals_GrandTotal" />
    </UnitTest>
    <UnitTest name="ERPSystem.Application.Tests.Tax.SalesTaxAcceptanceMatrixTests.Matrix_05_Exempt" storage="c:\users\homsi\desktop\pos erp c#\erpsystem\erpsystem.application.tests\bin\debug\net9.0\erpsystem.application.tests.dll" id="20ef1441-55a5-ee21-f8f5-463c4b4e1d8c">
      <Execution id="bb79ff7d-d93e-4998-b894-3765e74a3886" />
      <TestMethod codeBase="C:\Users\Homsi\Desktop\POS ERP C#\ERPSystem\ERPSystem.Application.Tests\bin\Debug\net9.0\ERPSystem.Application.Tests.dll" adapterTypeName="executor://xunit/VsTestRunner2/netcoreapp" className="ERPSystem.Application.Tests.Tax.SalesTaxAcceptanceMatrixTests" name="Matrix_05_Exempt" />
    </UnitTest>
    <UnitTest name="ERPSystem.Application.Tests.E2E.Phase2TaxE2EIntegrationTests.Matrix_21_22_Concurrent_taxed_approval_single_journal" storage="c:\users\homsi\desktop\pos erp c#\erpsystem\erpsystem.application.tests\bin\debug\net9.0\erpsystem.application.tests.dll" id="314c860a-62dd-7c3e-7add-65c3c69e0957">
      <Execution id="c244eb1c-5d1e-442d-aee9-7e2252c0d221" />
      <TestMethod codeBase="C:\Users\Homsi\Desktop\POS ERP C#\ERPSystem\ERPSystem.Application.Tests\bin\Debug\net9.0\ERPSystem.Application.Tests.dll" adapterTypeName="executor://xunit/VsTestRunner2/netcoreapp" className="ERPSystem.Application.Tests.E2E.Phase2TaxE2EIntegrationTests" name="Matrix_21_22_Concurrent_taxed_approval_single_journal" />
    </UnitTest>
    <UnitTest name="ERPSystem.Application.Tests.Tax.SalesTaxAcceptanceMatrixTests.Matrix_09_Multiple_rates" storage="c:\users\homsi\desktop\pos erp c#\erpsystem\erpsystem.application.tests\bin\debug\net9.0\erpsystem.application.tests.dll" id="bc39cdc0-7d24-19de-abb9-2e5102d4d21c">
      <Execution id="69c66e11-8c51-4e50-a611-99b2352e7836" />
      <TestMethod codeBase="C:\Users\Homsi\Desktop\POS ERP C#\ERPSystem\ERPSystem.Application.Tests\bin\Debug\net9.0\ERPSystem.Application.Tests.dll" adapterTypeName="executor://xunit/VsTestRunner2/netcoreapp" className="ERPSystem.Application.Tests.Tax.SalesTaxAcceptanceMatrixTests" name="Matrix_09_Multiple_rates" />
    </UnitTest>
    <UnitTest name="ERPSystem.Application.Tests.Tax.SalesTaxAcceptanceMatrixTests.Matrix_02_Inclusive_15_percent" storage="c:\users\homsi\desktop\pos erp c#\erpsystem\erpsystem.application.tests\bin\debug\net9.0\erpsystem.application.tests.dll" id="b7ebc168-e5a0-305e-bf2d-7ef815fb1a92">
      <Execution id="fc000778-d649-437a-9341-9a99eb30bfa8" />
      <TestMethod codeBase="C:\Users\Homsi\Desktop\POS ERP C#\ERPSystem\ERPSystem.Application.Tests\bin\Debug\net9.0\ERPSystem.Application.Tests.dll" adapterTypeName="executor://xunit/VsTestRunner2/netcoreapp" className="ERPSystem.Application.Tests.Tax.SalesTaxAcceptanceMatrixTests" name="Matrix_02_Inclusive_15_percent" />
    </UnitTest>
    <UnitTest name="ERPSystem.Application.Tests.Tax.SalesTaxEngineTests.Multiple_rates_aggregate_correctly" storage="c:\users\homsi\desktop\pos erp c#\erpsystem\erpsystem.application.tests\bin\debug\net9.0\erpsystem.application.tests.dll" id="23f879cb-0fb1-868f-4094-daa3c2e9fa7f">
      <Execution id="aff6cf26-4e6a-48fb-ac25-0f0712e661df" />
      <TestMethod codeBase="C:\Users\Homsi\Desktop\POS ERP C#\ERPSystem\ERPSystem.Application.Tests\bin\Debug\net9.0\ERPSystem.Application.Tests.dll" adapterTypeName="executor://xunit/VsTestRunner2/netcoreapp" className="ERPSystem.Application.Tests.Tax.SalesTaxEngineTests" name="Multiple_rates_aggregate_correctly" />
    </UnitTest>
    <UnitTest name="ERPSystem.Application.Tests.E2E.Phase2TaxE2EIntegrationTests.Matrix_34_Company_isolation_no_test_data_in_production" storage="c:\users\homsi\desktop\pos erp c#\erpsystem\erpsystem.application.tests\bin\debug\net9.0\erpsystem.application.tests.dll" id="faaa98cf-34cc-aaa5-fc41-0265a7ae5852">
      <Execution id="2dc3c7ac-54d1-42a3-9f37-479f11aa4321" />
      <TestMethod codeBase="C:\Users\Homsi\Desktop\POS ERP C#\ERPSystem\ERPSystem.Application.Tests\bin\Debug\net9.0\ERPSystem.Application.Tests.dll" adapterTypeName="executor://xunit/VsTestRunner2/netcoreapp" className="ERPSystem.Application.Tests.E2E.Phase2TaxE2EIntegrationTests" name="Matrix_34_Company_isolation_no_test_data_in_production" />
    </UnitTest>
    <UnitTest name="ERPSystem.Application.Tests.E2E.Phase2TaxE2EIntegrationTests.E2E_ScenarioB_Inclusive_VAT_full_flow" storage="c:\users\homsi\desktop\pos erp c#\erpsystem\erpsystem.application.tests\bin\debug\net9.0\erpsystem.application.tests.dll" id="2e8ee639-8007-198b-2fb6-3414f9f29f7e">
      <Execution id="c2d7e5f4-9716-4d2c-b7fe-131dadffa0a4" />
      <TestMethod codeBase="C:\Users\Homsi\Desktop\POS ERP C#\ERPSystem\ERPSystem.Application.Tests\bin\Debug\net9.0\ERPSystem.Application.Tests.dll" adapterTypeName="executor://xunit/VsTestRunner2/netcoreapp" className="ERPSystem.Application.Tests.E2E.Phase2TaxE2EIntegrationTests" name="E2E_ScenarioB_Inclusive_VAT_full_flow" />
    </UnitTest>
    <UnitTest name="ERPSystem.Application.Tests.Posting.PostingModelTests.ReversalResult_NotImplemented_does_not_claim_success" storage="c:\users\homsi\desktop\pos erp c#\erpsystem\erpsystem.application.tests\bin\debug\net9.0\erpsystem.application.tests.dll" id="c4e73658-a511-a935-b199-2ad6c9248c57">
      <Execution id="290b778e-e594-403b-b426-696810029898" />
      <TestMethod codeBase="C:\Users\Homsi\Desktop\POS ERP C#\ERPSystem\ERPSystem.Application.Tests\bin\Debug\net9.0\ERPSystem.Application.Tests.dll" adapterTypeName="executor://xunit/VsTestRunner2/netcoreapp" className="ERPSystem.Application.Tests.Posting.PostingModelTests" name="ReversalResult_NotImplemented_does_not_claim_success" />
    </UnitTest>
    <UnitTest name="ERPSystem.Application.Tests.AccountingHealthCheckMappingTests.BuildHealthCheck_Passes_When_No_Issues" storage="c:\users\homsi\desktop\pos erp c#\erpsystem\erpsystem.application.tests\bin\debug\net9.0\erpsystem.application.tests.dll" id="1d3c13d1-e1c9-5200-8fc0-7a328b8782bc">
      <Execution id="bac9815c-39f8-40eb-bff9-6a46f7b59c85" />
      <TestMethod codeBase="C:\Users\Homsi\Desktop\POS ERP C#\ERPSystem\ERPSystem.Application.Tests\bin\Debug\net9.0\ERPSystem.Application.Tests.dll" adapterTypeName="executor://xunit/VsTestRunner2/netcoreapp" className="ERPSystem.Application.Tests.AccountingHealthCheckMappingTests" name="BuildHealthCheck_Passes_When_No_Issues" />
    </UnitTest>
    <UnitTest name="ERPSystem.Application.Tests.Tax.SalesTaxEngineTests.Invoice_discount_reduces_taxable_base" storage="c:\users\homsi\desktop\pos erp c#\erpsystem\erpsystem.application.tests\bin\debug\net9.0\erpsystem.application.tests.dll" id="738a5c09-cea9-cf5f-e735-abf2d7b484c2">
      <Execution id="416453aa-f051-4da0-9814-78812b522bd4" />
      <TestMethod codeBase="C:\Users\Homsi\Desktop\POS ERP C#\ERPSystem\ERPSystem.Application.Tests\bin\Debug\net9.0\ERPSystem.Application.Tests.dll" adapterTypeName="executor://xunit/VsTestRunner2/netcoreapp" className="ERPSystem.Application.Tests.Tax.SalesTaxEngineTests" name="Invoice_discount_reduces_taxable_base" />
    </UnitTest>
    <UnitTest name="ERPSystem.Application.Tests.Tax.SalesTaxAcceptanceMatrixTests.Matrix_13_Future_tax_code_not_effective" storage="c:\users\homsi\desktop\pos erp c#\erpsystem\erpsystem.application.tests\bin\debug\net9.0\erpsystem.application.tests.dll" id="cfb73026-e9e3-3aae-2477-d07c369a81f6">
      <Execution id="bc134daa-f9bd-46d2-ba95-77907dd670bf" />
      <TestMethod codeBase="C:\Users\Homsi\Desktop\POS ERP C#\ERPSystem\ERPSystem.Application.Tests\bin\Debug\net9.0\ERPSystem.Application.Tests.dll" adapterTypeName="executor://xunit/VsTestRunner2/netcoreapp" className="ERPSystem.Application.Tests.Tax.SalesTaxAcceptanceMatrixTests" name="Matrix_13_Future_tax_code_not_effective" />
    </UnitTest>
    <UnitTest name="ERPSystem.Application.Tests.Tax.SalesTaxAcceptanceMatrixTests.Matrix_07_Invoice_discount" storage="c:\users\homsi\desktop\pos erp c#\erpsystem\erpsystem.application.tests\bin\debug\net9.0\erpsystem.application.tests.dll" id="cbee7bae-54bc-218d-855e-25f38563911b">
      <Execution id="431748c9-7c8a-4eeb-9efc-d28a80b8738e" />
      <TestMethod codeBase="C:\Users\Homsi\Desktop\POS ERP C#\ERPSystem\ERPSystem.Application.Tests\bin\Debug\net9.0\ERPSystem.Application.Tests.dll" adapterTypeName="executor://xunit/VsTestRunner2/netcoreapp" className="ERPSystem.Application.Tests.Tax.SalesTaxAcceptanceMatrixTests" name="Matrix_07_Invoice_discount" />
    </UnitTest>
    <UnitTest name="ERPSystem.Application.Tests.Tax.SalesTaxEngineTests.Tax_exclusive_15_percent_single_line" storage="c:\users\homsi\desktop\pos erp c#\erpsystem\erpsystem.application.tests\bin\debug\net9.0\erpsystem.application.tests.dll" id="221fe12a-36d1-7306-8d4a-5fc311ba4536">
      <Execution id="bdb84c28-21c2-47ea-95b1-5fc4abe7583d" />
      <TestMethod codeBase="C:\Users\Homsi\Desktop\POS ERP C#\ERPSystem\ERPSystem.Application.Tests\bin\Debug\net9.0\ERPSystem.Application.Tests.dll" adapterTypeName="executor://xunit/VsTestRunner2/netcoreapp" className="ERPSystem.Application.Tests.Tax.SalesTaxEngineTests" name="Tax_exclusive_15_percent_single_line" />
    </UnitTest>
    <UnitTest name="ERPSystem.Application.Tests.Tax.SalesInvoiceApprovalPostingBuilderTests.Example_B_invoice_discount_net_revenue_policy" storage="c:\users\homsi\desktop\pos erp c#\erpsystem\erpsystem.application.tests\bin\debug\net9.0\erpsystem.application.tests.dll" id="ad73ff3a-347f-b641-ed78-2c7250839c1f">
      <Execution id="5e61dc0e-5c73-4956-aed1-ae2caeadb467" />
      <TestMethod codeBase="C:\Users\Homsi\Desktop\POS ERP C#\ERPSystem\ERPSystem.Application.Tests\bin\Debug\net9.0\ERPSystem.Application.Tests.dll" adapterTypeName="executor://xunit/VsTestRunner2/netcoreapp" className="ERPSystem.Application.Tests.Tax.SalesInvoiceApprovalPostingBuilderTests" name="Example_B_invoice_discount_net_revenue_policy" />
    </UnitTest>
    <UnitTest name="ERPSystem.Application.Tests.Posting.WpfPostingGuardTests.ConcurrentDictionary_prevents_duplicate_inflight_key" storage="c:\users\homsi\desktop\pos erp c#\erpsystem\erpsystem.application.tests\bin\debug\net9.0\erpsystem.application.tests.dll" id="6f015b31-1a64-83f0-2391-f51f5bf71542">
      <Execution id="e62ae828-b7fa-4756-8593-8d339356add0" />
      <TestMethod codeBase="C:\Users\Homsi\Desktop\POS ERP C#\ERPSystem\ERPSystem.Application.Tests\bin\Debug\net9.0\ERPSystem.Application.Tests.dll" adapterTypeName="executor://xunit/VsTestRunner2/netcoreapp" className="ERPSystem.Application.Tests.Posting.WpfPostingGuardTests" name="ConcurrentDictionary_prevents_duplicate_inflight_key" />
    </UnitTest>
    <UnitTest name="ERPSystem.Application.Tests.E2E.Phase2TaxE2EIntegrationTests.Matrix_32_33_Cross_layer_and_tax_report_parity" storage="c:\users\homsi\desktop\pos erp c#\erpsystem\erpsystem.application.tests\bin\debug\net9.0\erpsystem.application.tests.dll" id="f0d04bc5-826e-5afb-f2bc-d8907cb30ff5">
      <Execution id="20340d31-7b6c-40b8-8df2-7b77f05f5802" />
      <TestMethod codeBase="C:\Users\Homsi\Desktop\POS ERP C#\ERPSystem\ERPSystem.Application.Tests\bin\Debug\net9.0\ERPSystem.Application.Tests.dll" adapterTypeName="executor://xunit/VsTestRunner2/netcoreapp" className="ERPSystem.Application.Tests.E2E.Phase2TaxE2EIntegrationTests" name="Matrix_32_33_Cross_layer_and_tax_report_parity" />
    </UnitTest>
    <UnitTest name="ERPSystem.Application.Tests.Tax.SalesTaxAcceptanceMatrixTests.Matrix_14_Expired_tax_code_not_effective" storage="c:\users\homsi\desktop\pos erp c#\erpsystem\erpsystem.application.tests\bin\debug\net9.0\erpsystem.application.tests.dll" id="dbda51d2-fb1e-a7f8-84e0-557aff2264b2">
      <Execution id="ede8012b-14a7-4642-a88d-f2a42969be7f" />
      <TestMethod codeBase="C:\Users\Homsi\Desktop\POS ERP C#\ERPSystem\ERPSystem.Application.Tests\bin\Debug\net9.0\ERPSystem.Application.Tests.dll" adapterTypeName="executor://xunit/VsTestRunner2/netcoreapp" className="ERPSystem.Application.Tests.Tax.SalesTaxAcceptanceMatrixTests" name="Matrix_14_Expired_tax_code_not_effective" />
    </UnitTest>
    <UnitTest name="ERPSystem.Application.Tests.Tax.SalesReturnTaxCalculatorTests.Matrix_29_Legacy_return_has_zero_tax_reversal" storage="c:\users\homsi\desktop\pos erp c#\erpsystem\erpsystem.application.tests\bin\debug\net9.0\erpsystem.application.tests.dll" id="3d78035b-64e5-9994-6f24-469ba8dfb8ac">
      <Execution id="2b17c648-93dd-46f0-becd-020146b81c2f" />
      <TestMethod codeBase="C:\Users\Homsi\Desktop\POS ERP C#\ERPSystem\ERPSystem.Application.Tests\bin\Debug\net9.0\ERPSystem.Application.Tests.dll" adapterTypeName="executor://xunit/VsTestRunner2/netcoreapp" className="ERPSystem.Application.Tests.Tax.SalesReturnTaxCalculatorTests" name="Matrix_29_Legacy_return_has_zero_tax_reversal" />
    </UnitTest>
    <UnitTest name="ERPSystem.Application.Tests.Posting.PostingModelTests.China_container_posting_kinds_are_distinct" storage="c:\users\homsi\desktop\pos erp c#\erpsystem\erpsystem.application.tests\bin\debug\net9.0\erpsystem.application.tests.dll" id="93acfbca-8c29-de89-309a-3f6b1fce0f64">
      <Execution id="462af4be-ea21-4135-b991-d85d6b826ca6" />
      <TestMethod codeBase="C:\Users\Homsi\Desktop\POS ERP C#\ERPSystem\ERPSystem.Application.Tests\bin\Debug\net9.0\ERPSystem.Application.Tests.dll" adapterTypeName="executor://xunit/VsTestRunner2/netcoreapp" className="ERPSystem.Application.Tests.Posting.PostingModelTests" name="China_container_posting_kinds_are_distinct" />
    </UnitTest>
    <UnitTest name="ERPSystem.Application.Tests.UseCases.Sales.TempDetailingDiagnosticTests.Dump_awaiting_detailing_invoices_and_rolls" storage="c:\users\homsi\desktop\pos erp c#\erpsystem\erpsystem.application.tests\bin\debug\net9.0\erpsystem.application.tests.dll" id="978d9326-aac1-fa9d-b6c6-55b4c6d881b2">
      <Execution id="60b1432f-2b4f-47c5-b48a-9fd80bfb518b" />
      <TestMethod codeBase="C:\Users\Homsi\Desktop\POS ERP C#\ERPSystem\ERPSystem.Application.Tests\bin\Debug\net9.0\ERPSystem.Application.Tests.dll" adapterTypeName="executor://xunit/VsTestRunner2/netcoreapp" className="ERPSystem.Application.Tests.UseCases.Sales.TempDetailingDiagnosticTests" name="Dump_awaiting_detailing_invoices_and_rolls" />
    </UnitTest>
    <UnitTest name="ERPSystem.Application.Tests.Tax.SalesTaxAcceptanceMatrixTests.Matrix_10_Decimal_fabric_quantities" storage="c:\users\homsi\desktop\pos erp c#\erpsystem\erpsystem.application.tests\bin\debug\net9.0\erpsystem.application.tests.dll" id="f90fa37c-a415-e4ff-302b-ed5c59427de9">
      <Execution id="a42d2f52-6b82-4cdd-98c8-81692441f5ed" />
      <TestMethod codeBase="C:\Users\Homsi\Desktop\POS ERP C#\ERPSystem\ERPSystem.Application.Tests\bin\Debug\net9.0\ERPSystem.Application.Tests.dll" adapterTypeName="executor://xunit/VsTestRunner2/netcoreapp" className="ERPSystem.Application.Tests.Tax.SalesTaxAcceptanceMatrixTests" name="Matrix_10_Decimal_fabric_quantities" />
    </UnitTest>
    <UnitTest name="ERPSystem.Application.Tests.Posting.AccountingPostingEngineLiveDbTests.PostAsync_rejects_unbalanced_lines_before_save" storage="c:\users\homsi\desktop\pos erp c#\erpsystem\erpsystem.application.tests\bin\debug\net9.0\erpsystem.application.tests.dll" id="1a1146bd-0590-3c9e-5032-4822ea5ac464">
      <Execution id="6f1c4b4b-a600-43db-ad15-8cb4e1d60f31" />
      <TestMethod codeBase="C:\Users\Homsi\Desktop\POS ERP C#\ERPSystem\ERPSystem.Application.Tests\bin\Debug\net9.0\ERPSystem.Application.Tests.dll" adapterTypeName="executor://xunit/VsTestRunner2/netcoreapp" className="ERPSystem.Application.Tests.Posting.AccountingPostingEngineLiveDbTests" name="PostAsync_rejects_unbalanced_lines_before_save" />
    </UnitTest>
    <UnitTest name="ERPSystem.Application.Tests.Tax.SalesTaxAcceptanceMatrixTests.Matrix_15_Missing_vat_account_detected_on_snapshot" storage="c:\users\homsi\desktop\pos erp c#\erpsystem\erpsystem.application.tests\bin\debug\net9.0\erpsystem.application.tests.dll" id="93b504f6-cfad-89b2-a35b-ec9753210a46">
      <Execution id="a81dfdd9-d26d-4626-9be6-edbfba31f2e9" />
      <TestMethod codeBase="C:\Users\Homsi\Desktop\POS ERP C#\ERPSystem\ERPSystem.Application.Tests\bin\Debug\net9.0\ERPSystem.Application.Tests.dll" adapterTypeName="executor://xunit/VsTestRunner2/netcoreapp" className="ERPSystem.Application.Tests.Tax.SalesTaxAcceptanceMatrixTests" name="Matrix_15_Missing_vat_account_detected_on_snapshot" />
    </UnitTest>
    <UnitTest name="ERPSystem.Application.Tests.UseCases.Customers.CustomerAccountLedgerLiveDbVerificationTests.Live_db_legacy_and_new_totals_align_when_returns_accounted" storage="c:\users\homsi\desktop\pos erp c#\erpsystem\erpsystem.application.tests\bin\debug\net9.0\erpsystem.application.tests.dll" id="70474675-e687-b602-1c3f-1c6179b62c14">
      <Execution id="7d921e62-c664-4da2-8ff1-0eda34df98aa" />
      <TestMethod codeBase="C:\Users\Homsi\Desktop\POS ERP C#\ERPSystem\ERPSystem.Application.Tests\bin\Debug\net9.0\ERPSystem.Application.Tests.dll" adapterTypeName="executor://xunit/VsTestRunner2/netcoreapp" className="ERPSystem.Application.Tests.UseCases.Customers.CustomerAccountLedgerLiveDbVerificationTests" name="Live_db_legacy_and_new_totals_align_when_returns_accounted" />
    </UnitTest>
    <UnitTest name="ERPSystem.Application.Tests.E2E.Phase2TaxE2EIntegrationTests.E2E_ScenarioA_Exclusive_VAT_full_flow" storage="c:\users\homsi\desktop\pos erp c#\erpsystem\erpsystem.application.tests\bin\debug\net9.0\erpsystem.application.tests.dll" id="17c9782b-45b3-5601-86fb-f2976d2b3273">
      <Execution id="40627a69-b990-4b84-9d08-3747a650657c" />
      <TestMethod codeBase="C:\Users\Homsi\Desktop\POS ERP C#\ERPSystem\ERPSystem.Application.Tests\bin\Debug\net9.0\ERPSystem.Application.Tests.dll" adapterTypeName="executor://xunit/VsTestRunner2/netcoreapp" className="ERPSystem.Application.Tests.E2E.Phase2TaxE2EIntegrationTests" name="E2E_ScenarioA_Exclusive_VAT_full_flow" />
    </UnitTest>
    <UnitTest name="ERPSystem.Application.Tests.Tax.SalesTaxEngineTests.Tax_inclusive_15_percent_single_line" storage="c:\users\homsi\desktop\pos erp c#\erpsystem\erpsystem.application.tests\bin\debug\net9.0\erpsystem.application.tests.dll" id="22d57e9a-5ec5-6001-c529-d68e4f05172b">
      <Execution id="1a97192a-3e40-4522-bcac-3f4aec71f0a9" />
      <TestMethod codeBase="C:\Users\Homsi\Desktop\POS ERP C#\ERPSystem\ERPSystem.Application.Tests\bin\Debug\net9.0\ERPSystem.Application.Tests.dll" adapterTypeName="executor://xunit/VsTestRunner2/netcoreapp" className="ERPSystem.Application.Tests.Tax.SalesTaxEngineTests" name="Tax_inclusive_15_percent_single_line" />
    </UnitTest>
    <UnitTest name="ERPSystem.Application.Tests.Tax.SalesTaxAcceptanceMatrixTests.Matrix_08_Multiple_lines" storage="c:\users\homsi\desktop\pos erp c#\erpsystem\erpsystem.application.tests\bin\debug\net9.0\erpsystem.application.tests.dll" id="ed0dc015-adc3-3106-7206-b7c9f72dc6a8">
      <Execution id="1822eb4d-5ea5-467e-9103-c945b47672aa" />
      <TestMethod codeBase="C:\Users\Homsi\Desktop\POS ERP C#\ERPSystem\ERPSystem.Application.Tests\bin\Debug\net9.0\ERPSystem.Application.Tests.dll" adapterTypeName="executor://xunit/VsTestRunner2/netcoreapp" className="ERPSystem.Application.Tests.Tax.SalesTaxAcceptanceMatrixTests" name="Matrix_08_Multiple_lines" />
    </UnitTest>
    <UnitTest name="ERPSystem.Application.Tests.Tax.SalesTaxAcceptanceMatrixTests.Matrix_03_No_tax" storage="c:\users\homsi\desktop\pos erp c#\erpsystem\erpsystem.application.tests\bin\debug\net9.0\erpsystem.application.tests.dll" id="555f40b8-cc42-38e3-0ef0-419981cd6b86">
      <Execution id="55d7d17f-d768-4cc1-ae92-3935a17d175d" />
      <TestMethod codeBase="C:\Users\Homsi\Desktop\POS ERP C#\ERPSystem\ERPSystem.Application.Tests\bin\Debug\net9.0\ERPSystem.Application.Tests.dll" adapterTypeName="executor://xunit/VsTestRunner2/netcoreapp" className="ERPSystem.Application.Tests.Tax.SalesTaxAcceptanceMatrixTests" name="Matrix_03_No_tax" />
    </UnitTest>
    <UnitTest name="ERPSystem.Application.Tests.Tax.SalesInvoiceApprovalPostingBuilderTests.Example_C_line_discount_contra_revenue" storage="c:\users\homsi\desktop\pos erp c#\erpsystem\erpsystem.application.tests\bin\debug\net9.0\erpsystem.application.tests.dll" id="30c61604-97c5-e43d-bd86-d4c59fb7ee61">
      <Execution id="6deac4a5-3b7b-412b-ac57-dddca7f86320" />
      <TestMethod codeBase="C:\Users\Homsi\Desktop\POS ERP C#\ERPSystem\ERPSystem.Application.Tests\bin\Debug\net9.0\ERPSystem.Application.Tests.dll" adapterTypeName="executor://xunit/VsTestRunner2/netcoreapp" className="ERPSystem.Application.Tests.Tax.SalesInvoiceApprovalPostingBuilderTests" name="Example_C_line_discount_contra_revenue" />
    </UnitTest>
    <UnitTest name="ERPSystem.Application.Tests.Tax.SalesTaxEngineTests.Exempt_line_has_zero_tax" storage="c:\users\homsi\desktop\pos erp c#\erpsystem\erpsystem.application.tests\bin\debug\net9.0\erpsystem.application.tests.dll" id="09987954-59fc-816a-93ad-fb96be913229">
      <Execution id="745d17f5-407f-45c8-b3e7-43927c6380a3" />
      <TestMethod codeBase="C:\Users\Homsi\Desktop\POS ERP C#\ERPSystem\ERPSystem.Application.Tests\bin\Debug\net9.0\ERPSystem.Application.Tests.dll" adapterTypeName="executor://xunit/VsTestRunner2/netcoreapp" className="ERPSystem.Application.Tests.Tax.SalesTaxEngineTests" name="Exempt_line_has_zero_tax" />
    </UnitTest>
    <UnitTest name="ERPSystem.Application.Tests.Tax.SalesTaxAcceptanceMatrixTests.Matrix_19_VAT_equals_TaxTotal" storage="c:\users\homsi\desktop\pos erp c#\erpsystem\erpsystem.application.tests\bin\debug\net9.0\erpsystem.application.tests.dll" id="9a79a816-4a1c-b698-8b9c-6b7f5458d22a">
      <Execution id="65dfc1c6-c7db-4632-b81a-34df11fcfed8" />
      <TestMethod codeBase="C:\Users\Homsi\Desktop\POS ERP C#\ERPSystem\ERPSystem.Application.Tests\bin\Debug\net9.0\ERPSystem.Application.Tests.dll" adapterTypeName="executor://xunit/VsTestRunner2/netcoreapp" className="ERPSystem.Application.Tests.Tax.SalesTaxAcceptanceMatrixTests" name="Matrix_19_VAT_equals_TaxTotal" />
    </UnitTest>
    <UnitTest name="ERPSystem.Application.Tests.Tax.SalesReturnTaxCalculatorTests.Matrix_28_Inclusive_return_tax_included_in_customer_credit" storage="c:\users\homsi\desktop\pos erp c#\erpsystem\erpsystem.application.tests\bin\debug\net9.0\erpsystem.application.tests.dll" id="2f21f8ab-e7aa-a7cf-e462-c87f6c9dc4a5">
      <Execution id="726470e1-6a8a-453d-96a2-2e87c0392158" />
      <TestMethod codeBase="C:\Users\Homsi\Desktop\POS ERP C#\ERPSystem\ERPSystem.Application.Tests\bin\Debug\net9.0\ERPSystem.Application.Tests.dll" adapterTypeName="executor://xunit/VsTestRunner2/netcoreapp" className="ERPSystem.Application.Tests.Tax.SalesReturnTaxCalculatorTests" name="Matrix_28_Inclusive_return_tax_included_in_customer_credit" />
    </UnitTest>
    <UnitTest name="ERPSystem.Application.Tests.Tax.SalesReturnTaxCalculatorTests.Matrix_27_Full_return_tax_matches_original" storage="c:\users\homsi\desktop\pos erp c#\erpsystem\erpsystem.application.tests\bin\debug\net9.0\erpsystem.application.tests.dll" id="2daad629-3c3f-f5fe-2bf7-24b8f16175d3">
      <Execution id="9915a104-f07f-41eb-87a6-e1f519f8041b" />
      <TestMethod codeBase="C:\Users\Homsi\Desktop\POS ERP C#\ERPSystem\ERPSystem.Application.Tests\bin\Debug\net9.0\ERPSystem.Application.Tests.dll" adapterTypeName="executor://xunit/VsTestRunner2/netcoreapp" className="ERPSystem.Application.Tests.Tax.SalesReturnTaxCalculatorTests" name="Matrix_27_Full_return_tax_matches_original" />
    </UnitTest>
    <UnitTest name="ERPSystem.Application.Tests.Tax.SalesTaxAcceptanceMatrixTests.Matrix_31_React_preview_uses_same_engine_as_server" storage="c:\users\homsi\desktop\pos erp c#\erpsystem\erpsystem.application.tests\bin\debug\net9.0\erpsystem.application.tests.dll" id="04a94563-bb64-fc56-f592-7ab62633647c">
      <Execution id="6ba801a1-6e9f-4ad8-b485-83e73f2a5899" />
      <TestMethod codeBase="C:\Users\Homsi\Desktop\POS ERP C#\ERPSystem\ERPSystem.Application.Tests\bin\Debug\net9.0\ERPSystem.Application.Tests.dll" adapterTypeName="executor://xunit/VsTestRunner2/netcoreapp" className="ERPSystem.Application.Tests.Tax.SalesTaxAcceptanceMatrixTests" name="Matrix_31_React_preview_uses_same_engine_as_server" />
    </UnitTest>
    <UnitTest name="ERPSystem.Application.Tests.UseCases.Identity.AuthenticateUserHandlerTests.HandleAsync_WithValidPassword_ReturnsSuccess" storage="c:\users\homsi\desktop\pos erp c#\erpsystem\erpsystem.application.tests\bin\debug\net9.0\erpsystem.application.tests.dll" id="db9cd28f-59d0-fa41-344c-5f205d8b6408">
      <Execution id="7c7c321a-914d-4b6f-8f3f-8ae3d1ddaa2b" />
      <TestMethod codeBase="C:\Users\Homsi\Desktop\POS ERP C#\ERPSystem\ERPSystem.Application.Tests\bin\Debug\net9.0\ERPSystem.Application.Tests.dll" adapterTypeName="executor://xunit/VsTestRunner2/netcoreapp" className="ERPSystem.Application.Tests.UseCases.Identity.AuthenticateUserHandlerTests" name="HandleAsync_WithValidPassword_ReturnsSuccess" />
    </UnitTest>
    <UnitTest name="ERPSystem.Application.Tests.Tax.SalesTaxAcceptanceMatrixTests.Matrix_24_Legacy_invoice_unchanged" storage="c:\users\homsi\desktop\pos erp c#\erpsystem\erpsystem.application.tests\bin\debug\net9.0\erpsystem.application.tests.dll" id="5f666725-2019-5686-5b00-4710757c6b37">
      <Execution id="cda7484b-2685-4dff-b821-876e5fdc189a" />
      <TestMethod codeBase="C:\Users\Homsi\Desktop\POS ERP C#\ERPSystem\ERPSystem.Application.Tests\bin\Debug\net9.0\ERPSystem.Application.Tests.dll" adapterTypeName="executor://xunit/VsTestRunner2/netcoreapp" className="ERPSystem.Application.Tests.Tax.SalesTaxAcceptanceMatrixTests" name="Matrix_24_Legacy_invoice_unchanged" />
    </UnitTest>
    <UnitTest name="ERPSystem.Application.Tests.Tax.SalesTaxAcceptanceMatrixTests.Matrix_04_Zero_rated" storage="c:\users\homsi\desktop\pos erp c#\erpsystem\erpsystem.application.tests\bin\debug\net9.0\erpsystem.application.tests.dll" id="72be8c6b-dec9-1fe6-f08c-ccd04add05a5">
      <Execution id="45b7cfa6-2c0a-45c8-9ab3-0436761f9612" />
      <TestMethod codeBase="C:\Users\Homsi\Desktop\POS ERP C#\ERPSystem\ERPSystem.Application.Tests\bin\Debug\net9.0\ERPSystem.Application.Tests.dll" adapterTypeName="executor://xunit/VsTestRunner2/netcoreapp" className="ERPSystem.Application.Tests.Tax.SalesTaxAcceptanceMatrixTests" name="Matrix_04_Zero_rated" />
    </UnitTest>
    <UnitTest name="ERPSystem.Application.Tests.UseCases.Customers.CustomerAccountLedgerAccountingVerificationTests.RunningBalance_is_cumulative_for_each_movement_type" storage="c:\users\homsi\desktop\pos erp c#\erpsystem\erpsystem.application.tests\bin\debug\net9.0\erpsystem.application.tests.dll" id="356303a0-b980-019f-b27f-47e54a491962">
      <Execution id="9e6b1f0c-2319-4d59-aa07-16d97d51d2f1" />
      <TestMethod codeBase="C:\Users\Homsi\Desktop\POS ERP C#\ERPSystem\ERPSystem.Application.Tests\bin\Debug\net9.0\ERPSystem.Application.Tests.dll" adapterTypeName="executor://xunit/VsTestRunner2/netcoreapp" className="ERPSystem.Application.Tests.UseCases.Customers.CustomerAccountLedgerAccountingVerificationTests" name="RunningBalance_is_cumulative_for_each_movement_type" />
    </UnitTest>
  </TestDefinitions>
  <TestEntries>
    <TestEntry testId="30c61604-97c5-e43d-bd86-d4c59fb7ee61" executionId="6deac4a5-3b7b-412b-ac57-dddca7f86320" testListId="8c84fa94-04c1-424b-9868-57a2d4851a1d" />
    <TestEntry testId="d89173fc-e4c3-a503-942c-3c7aceff8c04" executionId="84d95461-51ce-494a-ae81-7c6133b56a69" testListId="8c84fa94-04c1-424b-9868-57a2d4851a1d" />
    <TestEntry testId="dbda51d2-fb1e-a7f8-84e0-557aff2264b2" executionId="ede8012b-14a7-4642-a88d-f2a42969be7f" testListId="8c84fa94-04c1-424b-9868-57a2d4851a1d" />
    <TestEntry testId="78f1dc5e-569c-f4a9-7830-d98256db8bd2" executionId="c0d2dc35-0095-4c29-bc1c-c0d388bfc5d4" testListId="8c84fa94-04c1-424b-9868-57a2d4851a1d" />
    <TestEntry testId="978d9326-aac1-fa9d-b6c6-55b4c6d881b2" executionId="60b1432f-2b4f-47c5-b48a-9fd80bfb518b" testListId="8c84fa94-04c1-424b-9868-57a2d4851a1d" />
    <TestEntry testId="22d57e9a-5ec5-6001-c529-d68e4f05172b" executionId="1a97192a-3e40-4522-bcac-3f4aec71f0a9" testListId="8c84fa94-04c1-424b-9868-57a2d4851a1d" />
    <TestEntry testId="cbee7bae-54bc-218d-855e-25f38563911b" executionId="431748c9-7c8a-4eeb-9efc-d28a80b8738e" testListId="8c84fa94-04c1-424b-9868-57a2d4851a1d" />
    <TestEntry testId="17421f48-623b-4749-641b-5fb7bdaac902" executionId="1313b478-9fc3-42b0-aef3-45ffd62133a5" testListId="8c84fa94-04c1-424b-9868-57a2d4851a1d" />
    <TestEntry testId="576529b4-e3c4-a288-c6f5-4ce029c7cb58" executionId="0b0478a2-cba4-4fd7-924f-8cd0c3bf5134" testListId="8c84fa94-04c1-424b-9868-57a2d4851a1d" />
    <TestEntry testId="09987954-59fc-816a-93ad-fb96be913229" executionId="745d17f5-407f-45c8-b3e7-43927c6380a3" testListId="8c84fa94-04c1-424b-9868-57a2d4851a1d" />
    <TestEntry testId="93acfbca-8c29-de89-309a-3f6b1fce0f64" executionId="462af4be-ea21-4135-b991-d85d6b826ca6" testListId="8c84fa94-04c1-424b-9868-57a2d4851a1d" />
    <TestEntry testId="91c0e968-89a2-6e2a-abc0-66a7f231b6d1" executionId="20ff9140-7809-46fa-aa75-5e5408345f95" testListId="8c84fa94-04c1-424b-9868-57a2d4851a1d" />
    <TestEntry testId="f0d04bc5-826e-5afb-f2bc-d8907cb30ff5" executionId="20340d31-7b6c-40b8-8df2-7b77f05f5802" testListId="8c84fa94-04c1-424b-9868-57a2d4851a1d" />
    <TestEntry testId="93b504f6-cfad-89b2-a35b-ec9753210a46" executionId="a81dfdd9-d26d-4626-9be6-edbfba31f2e9" testListId="8c84fa94-04c1-424b-9868-57a2d4851a1d" />
    <TestEntry testId="2f21f8ab-e7aa-a7cf-e462-c87f6c9dc4a5" executionId="726470e1-6a8a-453d-96a2-2e87c0392158" testListId="8c84fa94-04c1-424b-9868-57a2d4851a1d" />
    <TestEntry testId="cfb73026-e9e3-3aae-2477-d07c369a81f6" executionId="bc134daa-f9bd-46d2-ba95-77907dd670bf" testListId="8c84fa94-04c1-424b-9868-57a2d4851a1d" />
    <TestEntry testId="d220f06b-cc9c-419e-4c82-b5bb2a5fb15d" executionId="68b50858-7baf-4c25-abb6-d2c974280ec9" testListId="8c84fa94-04c1-424b-9868-57a2d4851a1d" />
    <TestEntry testId="ad73ff3a-347f-b641-ed78-2c7250839c1f" executionId="5e61dc0e-5c73-4956-aed1-ae2caeadb467" testListId="8c84fa94-04c1-424b-9868-57a2d4851a1d" />
    <TestEntry testId="221fe12a-36d1-7306-8d4a-5fc311ba4536" executionId="bdb84c28-21c2-47ea-95b1-5fc4abe7583d" testListId="8c84fa94-04c1-424b-9868-57a2d4851a1d" />
    <TestEntry testId="9a79a816-4a1c-b698-8b9c-6b7f5458d22a" executionId="65dfc1c6-c7db-4632-b81a-34df11fcfed8" testListId="8c84fa94-04c1-424b-9868-57a2d4851a1d" />
    <TestEntry testId="77baa2cb-8515-6f76-7966-719a8111a6f4" executionId="1f847d6b-4158-4515-96ba-0fdeff1cff05" testListId="8c84fa94-04c1-424b-9868-57a2d4851a1d" />
    <TestEntry testId="4d1c3960-0ed3-c5b9-7fb7-1971ab0167b6" executionId="c02215e8-9648-468f-a5a8-1475a321a908" testListId="8c84fa94-04c1-424b-9868-57a2d4851a1d" />
    <TestEntry testId="c4e73658-a511-a935-b199-2ad6c9248c57" executionId="290b778e-e594-403b-b426-696810029898" testListId="8c84fa94-04c1-424b-9868-57a2d4851a1d" />
    <TestEntry testId="356303a0-b980-019f-b27f-47e54a491962" executionId="9e6b1f0c-2319-4d59-aa07-16d97d51d2f1" testListId="8c84fa94-04c1-424b-9868-57a2d4851a1d" />
    <TestEntry testId="2fdba000-85f9-985b-0f70-7a80d6c3ad45" executionId="f5d0013a-6c73-48cd-804e-961a4c2d2d7b" testListId="8c84fa94-04c1-424b-9868-57a2d4851a1d" />
    <TestEntry testId="7b45e32a-ac0c-8592-e061-14d720b10242" executionId="4fa4843b-94c2-46ba-a7b3-d92f3d871ce6" testListId="8c84fa94-04c1-424b-9868-57a2d4851a1d" />
    <TestEntry testId="5f666725-2019-5686-5b00-4710757c6b37" executionId="cda7484b-2685-4dff-b821-876e5fdc189a" testListId="8c84fa94-04c1-424b-9868-57a2d4851a1d" />
    <TestEntry testId="9aa73ad5-e40e-3415-a476-79b18b6f09d2" executionId="d1279bd3-1f5d-4286-bc03-d1f4322dba54" testListId="8c84fa94-04c1-424b-9868-57a2d4851a1d" />
    <TestEntry testId="1a1146bd-0590-3c9e-5032-4822ea5ac464" executionId="6f1c4b4b-a600-43db-ad15-8cb4e1d60f31" testListId="8c84fa94-04c1-424b-9868-57a2d4851a1d" />
    <TestEntry testId="e19a6aee-5594-e56c-5579-4d2209beeac2" executionId="29a60446-7a60-487a-bd69-45bbb4d63f77" testListId="8c84fa94-04c1-424b-9868-57a2d4851a1d" />
    <TestEntry testId="6e02121a-7942-2309-8d6e-fb2ecec3792e" executionId="b804e0c6-40bc-4484-bd0f-cca2ff1e0f69" testListId="8c84fa94-04c1-424b-9868-57a2d4851a1d" />
    <TestEntry testId="2daad629-3c3f-f5fe-2bf7-24b8f16175d3" executionId="9915a104-f07f-41eb-87a6-e1f519f8041b" testListId="8c84fa94-04c1-424b-9868-57a2d4851a1d" />
    <TestEntry testId="738a5c09-cea9-cf5f-e735-abf2d7b484c2" executionId="416453aa-f051-4da0-9814-78812b522bd4" testListId="8c84fa94-04c1-424b-9868-57a2d4851a1d" />
    <TestEntry testId="17c9782b-45b3-5601-86fb-f2976d2b3273" executionId="40627a69-b990-4b84-9d08-3747a650657c" testListId="8c84fa94-04c1-424b-9868-57a2d4851a1d" />
    <TestEntry testId="db9cd28f-59d0-fa41-344c-5f205d8b6408" executionId="7c7c321a-914d-4b6f-8f3f-8ae3d1ddaa2b" testListId="8c84fa94-04c1-424b-9868-57a2d4851a1d" />
    <TestEntry testId="3109d500-4e21-66c6-83dc-60c62b38e317" executionId="bc4a0429-8cf8-417d-8d29-e238a074359c" testListId="8c84fa94-04c1-424b-9868-57a2d4851a1d" />
    <TestEntry testId="b7ebc168-e5a0-305e-bf2d-7ef815fb1a92" executionId="fc000778-d649-437a-9341-9a99eb30bfa8" testListId="8c84fa94-04c1-424b-9868-57a2d4851a1d" />
    <TestEntry testId="04a94563-bb64-fc56-f592-7ab62633647c" executionId="6ba801a1-6e9f-4ad8-b485-83e73f2a5899" testListId="8c84fa94-04c1-424b-9868-57a2d4851a1d" />
    <TestEntry testId="555f40b8-cc42-38e3-0ef0-419981cd6b86" executionId="55d7d17f-d768-4cc1-ae92-3935a17d175d" testListId="8c84fa94-04c1-424b-9868-57a2d4851a1d" />
    <TestEntry testId="ed0dc015-adc3-3106-7206-b7c9f72dc6a8" executionId="1822eb4d-5ea5-467e-9103-c945b47672aa" testListId="8c84fa94-04c1-424b-9868-57a2d4851a1d" />
    <TestEntry testId="32ff7cea-8144-5f8b-45cb-c750430807a7" executionId="37a5b93d-0b19-460d-8c2d-f6128357ceb5" testListId="8c84fa94-04c1-424b-9868-57a2d4851a1d" />
    <TestEntry testId="34b520b9-207a-bda2-bbce-6e1c4bf6f428" executionId="5a7564bd-d9b6-48c0-a777-6d1a428b6d3c" testListId="8c84fa94-04c1-424b-9868-57a2d4851a1d" />
    <TestEntry testId="3d78035b-64e5-9994-6f24-469ba8dfb8ac" executionId="2b17c648-93dd-46f0-becd-020146b81c2f" testListId="8c84fa94-04c1-424b-9868-57a2d4851a1d" />
    <TestEntry testId="1d3c13d1-e1c9-5200-8fc0-7a328b8782bc" executionId="bac9815c-39f8-40eb-bff9-6a46f7b59c85" testListId="8c84fa94-04c1-424b-9868-57a2d4851a1d" />
    <TestEntry testId="2e8ee639-8007-198b-2fb6-3414f9f29f7e" executionId="c2d7e5f4-9716-4d2c-b7fe-131dadffa0a4" testListId="8c84fa94-04c1-424b-9868-57a2d4851a1d" />
    <TestEntry testId="962d1588-2ead-a9ed-53bb-431af86a7605" executionId="7164aa73-6e5e-4515-a9bb-309d801cbd04" testListId="8c84fa94-04c1-424b-9868-57a2d4851a1d" />
    <TestEntry testId="fc30f3d0-2132-f690-8c16-6f4998376b16" executionId="c8efafc4-591b-4937-8223-21909db7205c" testListId="8c84fa94-04c1-424b-9868-57a2d4851a1d" />
    <TestEntry testId="314c860a-62dd-7c3e-7add-65c3c69e0957" executionId="c244eb1c-5d1e-442d-aee9-7e2252c0d221" testListId="8c84fa94-04c1-424b-9868-57a2d4851a1d" />
    <TestEntry testId="621934bc-8318-675c-dc24-f14463c3de70" executionId="577a1596-d9e9-45a1-9515-70b37def0030" testListId="8c84fa94-04c1-424b-9868-57a2d4851a1d" />
    <TestEntry testId="eff9b643-3e4f-2481-7fe2-ccae6a060ca1" executionId="ea3752f9-7a25-482e-8d11-82c057b91537" testListId="8c84fa94-04c1-424b-9868-57a2d4851a1d" />
    <TestEntry testId="faaa98cf-34cc-aaa5-fc41-0265a7ae5852" executionId="2dc3c7ac-54d1-42a3-9f37-479f11aa4321" testListId="8c84fa94-04c1-424b-9868-57a2d4851a1d" />
    <TestEntry testId="4ee33e6f-8c76-ec0b-0d08-38fa2aede4a8" executionId="0fd1f073-7dd3-4dd1-8e3d-96e2e2ad9df4" testListId="8c84fa94-04c1-424b-9868-57a2d4851a1d" />
    <TestEntry testId="bc39cdc0-7d24-19de-abb9-2e5102d4d21c" executionId="69c66e11-8c51-4e50-a611-99b2352e7836" testListId="8c84fa94-04c1-424b-9868-57a2d4851a1d" />
    <TestEntry testId="23f879cb-0fb1-868f-4094-daa3c2e9fa7f" executionId="aff6cf26-4e6a-48fb-ac25-0f0712e661df" testListId="8c84fa94-04c1-424b-9868-57a2d4851a1d" />
    <TestEntry testId="6f015b31-1a64-83f0-2391-f51f5bf71542" executionId="e62ae828-b7fa-4756-8593-8d339356add0" testListId="8c84fa94-04c1-424b-9868-57a2d4851a1d" />
    <TestEntry testId="1353ee45-90ed-7ef5-6c12-71ab2352d30e" executionId="cf126f6c-511f-4c36-bba2-eefe81ee814e" testListId="8c84fa94-04c1-424b-9868-57a2d4851a1d" />
    <TestEntry testId="20ef1441-55a5-ee21-f8f5-463c4b4e1d8c" executionId="bb79ff7d-d93e-4998-b894-3765e74a3886" testListId="8c84fa94-04c1-424b-9868-57a2d4851a1d" />
    <TestEntry testId="f90fa37c-a415-e4ff-302b-ed5c59427de9" executionId="a42d2f52-6b82-4cdd-98c8-81692441f5ed" testListId="8c84fa94-04c1-424b-9868-57a2d4851a1d" />
    <TestEntry testId="70474675-e687-b602-1c3f-1c6179b62c14" executionId="7d921e62-c664-4da2-8ff1-0eda34df98aa" testListId="8c84fa94-04c1-424b-9868-57a2d4851a1d" />
    <TestEntry testId="72be8c6b-dec9-1fe6-f08c-ccd04add05a5" executionId="45b7cfa6-2c0a-45c8-9ab3-0436761f9612" testListId="8c84fa94-04c1-424b-9868-57a2d4851a1d" />
    <TestEntry testId="c9d65ffa-c909-0de8-2c24-48c696e0ca40" executionId="0db699f0-9209-4913-93a9-f6256c64983e" testListId="8c84fa94-04c1-424b-9868-57a2d4851a1d" />
  </TestEntries>
  <TestLists>
    <TestList name="Results Not in a List" id="8c84fa94-04c1-424b-9868-57a2d4851a1d" />
    <TestList name="All Loaded Results" id="19431567-8539-422a-85d7-44ee4e166bda" />
  </TestLists>
  <ResultSummary outcome="Failed">
    <Counters total="61" executed="61" passed="60" failed="1" error="0" timeout="0" aborted="0" inconclusive="0" passedButRunAborted="0" notRunnable="0" notExecuted="0" disconnected="0" warning="0" completed="0" inProgress="0" pending="0" />
    <Output>
      <StdOut>[xUnit.net 00:00:00.00] xUnit.net VSTest Adapter v2.8.2+699d445a1a (64-bit .NET 9.0.17)&#xD;
[xUnit.net 00:00:00.11]   Discovering: ERPSystem.Application.Tests&#xD;
[xUnit.net 00:00:00.15]   Discovered:  ERPSystem.Application.Tests&#xD;
[xUnit.net 00:00:00.16]   Starting:    ERPSystem.Application.Tests&#xD;
[xUnit.net 00:00:00.61]       --- roll counts ---&#xD;
[xUnit.net 00:00:00.61]       --- sample rolls ---&#xD;
[xUnit.net 00:00:00.61]       &#xD;
[xUnit.net 00:00:00.61]       Stack Trace:&#xD;
[xUnit.net 00:00:00.62]         C:\Users\Homsi\Desktop\POS ERP C#\ERPSystem\ERPSystem.Application.Tests\UseCases\Sales\TempDetailingDiagnosticTests.cs(69,0): at ERPSystem.Application.Tests.UseCases.Sales.TempDetailingDiagnosticTests.Dump_awaiting_detailing_invoices_and_rolls()&#xD;
[xUnit.net 00:00:00.62]         C:\Users\Homsi\Desktop\POS ERP C#\ERPSystem\ERPSystem.Application.Tests\UseCases\Sales\TempDetailingDiagnosticTests.cs(69,0): at ERPSystem.Application.Tests.UseCases.Sales.TempDetailingDiagnosticTests.Dump_awaiting_detailing_invoices_and_rolls()&#xD;
[xUnit.net 00:00:00.62]         --- End of stack trace from previous location ---&#xD;
[xUnit.net 00:00:28.74]   Finished:    ERPSystem.Application.Tests&#xD;
</StdOut>
    </Output>
    <RunInfos>
      <RunInfo computerName="DESKTOP-TP287AV" outcome="Error" timestamp="2026-07-10T21:58:41.7422010+03:00">
        <Text>[xUnit.net 00:00:00.61]     ERPSystem.Application.Tests.UseCases.Sales.TempDetailingDiagnosticTests.Dump_awaiting_detailing_invoices_and_rolls [FAIL]</Text>
      </RunInfo>
    </RunInfos>
  </ResultSummary>
</TestRun>